{"meta": {"format": 3, "version": "7.14.0", "timestamp": "2026-05-21T22:34:42.262268", "branch_coverage": false, "show_contexts": false}, "files": {"generate_report.py": {"executed_lines": [], "summary": {"covered_lines": 0, "num_statements": 102, "percent_covered": 0.0, "percent_covered_display": "0", "missing_lines": 102, "excluded_lines": 0, "percent_statements_covered": 0.0, "percent_statements_covered_display": "0"}, "missing_lines": [7, 8, 9, 10, 11, 12, 15, 17, 28, 29, 36, 39, 41, 42, 43, 44, 45, 47, 48, 49, 50, 52, 53, 55, 56, 57, 58, 59, 60, 62, 64, 66, 69, 71, 72, 73, 74, 75, 76, 77, 83, 84, 87, 89, 91, 92, 93, 94, 95, 97, 99, 100, 101, 103, 104, 107, 108, 109, 111, 181, 182, 183, 190, 197, 206, 209, 210, 213, 214, 215, 216, 217, 219, 220, 221, 222, 224, 226, 227, 228, 229, 231, 232, 234, 235, 237, 238, 239, 240, 241, 242, 243, 244, 245, 246, 248, 256, 257, 258, 260, 263, 264], "excluded_lines": [], "functions": {"run_tests": {"executed_lines": [], "summary": {"covered_lines": 0, "num_statements": 4, "percent_covered": 0.0, "percent_covered_display": "0", "missing_lines": 4, "excluded_lines": 0, "percent_statements_covered": 0.0, "percent_statements_covered_display": "0"}, "missing_lines": [17, 28, 29, 36], "excluded_lines": [], "start_line": 15}, "parse_test_output": {"executed_lines": [], "summary": {"covered_lines": 0, "num_statements": 20, "percent_covered": 0.0, "percent_covered_display": "0", "missing_lines": 20, "excluded_lines": 0, "percent_statements_covered": 0.0, "percent_statements_covered_display": "0"}, "missing_lines": [41, 42, 43, 44, 45, 47, 48, 49, 50, 52, 53, 55, 56, 57, 58, 59, 60, 62, 64, 66], "excluded_lines": [], "start_line": 39}, "parse_coverage": {"executed_lines": [], "summary": {"covered_lines": 0, "num_statements": 9, "percent_covered": 0.0, "percent_covered_display": "0", "missing_lines": 9, "excluded_lines": 0, "percent_statements_covered": 0.0, "percent_statements_covered_display": "0"}, "missing_lines": [71, 72, 73, 74, 75, 76, 77, 83, 84], "excluded_lines": [], "start_line": 69}, "generate_html_report": {"executed_lines": [], "summary": {"covered_lines": 0, "num_statements": 22, "percent_covered": 0.0, "percent_covered_display": "0", "missing_lines": 22, "excluded_lines": 0, "percent_statements_covered": 0.0, "percent_statements_covered_display": "0"}, "missing_lines": [89, 91, 92, 93, 94, 95, 97, 99, 100, 101, 103, 104, 107, 108, 109, 111, 181, 182, 183, 190, 197, 206], "excluded_lines": [], "start_line": 87}, "main": {"executed_lines": [], "summary": {"covered_lines": 0, "num_statements": 34, "percent_covered": 0.0, "percent_covered_display": "0", "missing_lines": 34, "excluded_lines": 0, "percent_statements_covered": 0.0, "percent_statements_covered_display": "0"}, "missing_lines": [210, 213, 214, 215, 216, 217, 219, 220, 221, 222, 224, 226, 227, 228, 229, 231, 232, 234, 235, 237, 238, 239, 240, 241, 242, 243, 244, 245, 246, 248, 256, 257, 258, 260], "excluded_lines": [], "start_line": 209}, "": {"executed_lines": [], "summary": {"covered_lines": 0, "num_statements": 13, "percent_covered": 0.0, "percent_covered_display": "0", "missing_lines": 13, "excluded_lines": 0, "percent_statements_covered": 0.0, "percent_statements_covered_display": "0"}, "missing_lines": [7, 8, 9, 10, 11, 12, 15, 39, 69, 87, 209, 263, 264], "excluded_lines": [], "start_line": 1}}, "classes": {"": {"executed_lines": [], "summary": {"covered_lines": 0, "num_statements": 102, "percent_covered": 0.0, "percent_covered_display": "0", "missing_lines": 102, "excluded_lines": 0, "percent_statements_covered": 0.0, "percent_statements_covered_display": "0"}, "missing_lines": [7, 8, 9, 10, 11, 12, 15, 17, 28, 29, 36, 39, 41, 42, 43, 44, 45, 47, 48, 49, 50, 52, 53, 55, 56, 57, 58, 59, 60, 62, 64, 66, 69, 71, 72, 73, 74, 75, 76, 77, 83, 84, 87, 89, 91, 92, 93, 94, 95, 97, 99, 100, 101, 103, 104, 107, 108, 109, 111, 181, 182, 183, 190, 197, 206, 209, 210, 213, 214, 215, 216, 217, 219, 220, 221, 222, 224, 226, 227, 228, 229, 231, 232, 234, 235, 237, 238, 239, 240, 241, 242, 243, 244, 245, 246, 248, 256, 257, 258, 260, 263, 264], "excluded_lines": [], "start_line": 1}}}, "src/event_logger.py": {"executed_lines": [1, 3, 4, 7, 8, 9, 10, 12, 13, 14, 15, 16], "summary": {"covered_lines": 12, "num_statements": 12, "percent_covered": 100.0, "percent_covered_display": "100", "missing_lines": 0, "excluded_lines": 0, "percent_statements_covered": 100.0, "percent_statements_covered_display": "100"}, "missing_lines": [], "excluded_lines": [], "functions": {"EventLogger.__init__": {"executed_lines": [9, 10], "summary": {"covered_lines": 2, "num_statements": 2, "percent_covered": 100.0, "percent_covered_display": "100", "missing_lines": 0, "excluded_lines": 0, "percent_statements_covered": 100.0, "percent_statements_covered_display": "100"}, "missing_lines": [], "excluded_lines": [], "start_line": 8}, "EventLogger.log": {"executed_lines": [13, 14, 15, 16], "summary": {"covered_lines": 4, "num_statements": 4, "percent_covered": 100.0, "percent_covered_display": "100", "missing_lines": 0, "excluded_lines": 0, "percent_statements_covered": 100.0, "percent_statements_covered_display": "100"}, "missing_lines": [], "excluded_lines": [], "start_line": 12}, "": {"executed_lines": [1, 3, 4, 7, 8, 12], "summary": {"covered_lines": 6, "num_statements": 6, "percent_covered": 100.0, "percent_covered_display": "100", "missing_lines": 0, "excluded_lines": 0, "percent_statements_covered": 100.0, "percent_statements_covered_display": "100"}, "missing_lines": [], "excluded_lines": [], "start_line": 1}}, "classes": {"EventLogger": {"executed_lines": [9, 10, 13, 14, 15, 16], "summary": {"covered_lines": 6, "num_statements": 6, "percent_covered": 100.0, "percent_covered_display": "100", "missing_lines": 0, "excluded_lines": 0, "percent_statements_covered": 100.0, "percent_statements_covered_display": "100"}, "missing_lines": [], "excluded_lines": [], "start_line": 7}, "": {"executed_lines": [1, 3, 4, 7, 8, 12], "summary": {"covered_lines": 6, "num_statements": 6, "percent_covered": 100.0, "percent_covered_display": "100", "missing_lines": 0, "excluded_lines": 0, "percent_statements_covered": 100.0, "percent_statements_covered_display": "100"}, "missing_lines": [], "excluded_lines": [], "start_line": 1}}}, "src/launchpad.py": {"executed_lines": [1, 2, 4, 7, 8, 9, 10, 11, 13, 14, 15, 16, 17, 18, 20, 21, 23, 24, 25, 27, 28, 30, 31, 32, 38, 48, 51, 52, 53, 54, 55, 56, 57, 63, 64, 65, 67, 68, 69, 71, 72, 80, 81, 82], "summary": {"covered_lines": 44, "num_statements": 49, "percent_covered": 89.79591836734694, "percent_covered_display": "90", "missing_lines": 5, "excluded_lines": 0, "percent_statements_covered": 89.79591836734694, "percent_statements_covered_display": "90"}, "missing_lines": [58, 59, 60, 61, 62], "excluded_lines": [], "functions": {"LaunchPad.__init__": {"executed_lines": [9, 10, 11, 13, 14, 15, 16, 17, 18], "summary": {"covered_lines": 9, "num_statements": 9, "percent_covered": 100.0, "percent_covered_display": "100", "missing_lines": 0, "excluded_lines": 0, "percent_statements_covered": 100.0, "percent_statements_covered_display": "100"}, "missing_lines": [], "excluded_lines": [], "start_line": 8}, "LaunchPad.get_distance": {"executed_lines": [23, 24, 25], "summary": {"covered_lines": 3, "num_statements": 3, "percent_covered": 100.0, "percent_covered_display": "100", "missing_lines": 0, "excluded_lines": 0, "percent_statements_covered": 100.0, "percent_statements_covered_display": "100"}, "missing_lines": [], "excluded_lines": [], "start_line": 21}, "LaunchPad.can_launch": {"executed_lines": [28], "summary": {"covered_lines": 1, "num_statements": 1, "percent_covered": 100.0, "percent_covered_display": "100", "missing_lines": 0, "excluded_lines": 0, "percent_statements_covered": 100.0, "percent_statements_covered_display": "100"}, "missing_lines": [], "excluded_lines": [], "start_line": 27}, "LaunchPad.launch_missile": {"executed_lines": [31, 32, 38, 48], "summary": {"covered_lines": 4, "num_statements": 4, "percent_covered": 100.0, "percent_covered_display": "100", "missing_lines": 0, "excluded_lines": 0, "percent_statements_covered": 100.0, "percent_statements_covered_display": "100"}, "missing_lines": [], "excluded_lines": [], "start_line": 30}, "LaunchPad.update_missiles": {"executed_lines": [52, 53, 54, 55, 56, 57, 63, 64, 65], "summary": {"covered_lines": 9, "num_statements": 14, "percent_covered": 64.28571428571429, "percent_covered_display": "64", "missing_lines": 5, "excluded_lines": 0, "percent_statements_covered": 64.28571428571429, "percent_statements_covered_display": "64"}, "missing_lines": [58, 59, 60, 61, 62], "excluded_lines": [], "start_line": 51}, "LaunchPad.reset_simulation_state": {"executed_lines": [68, 69], "summary": {"covered_lines": 2, "num_statements": 2, "percent_covered": 100.0, "percent_covered_display": "100", "missing_lines": 0, "excluded_lines": 0, "percent_statements_covered": 100.0, "percent_statements_covered_display": "100"}, "missing_lines": [], "excluded_lines": [], "start_line": 67}, "LaunchPad.to_dict": {"executed_lines": [72], "summary": {"covered_lines": 1, "num_statements": 1, "percent_covered": 100.0, "percent_covered_display": "100", "missing_lines": 0, "excluded_lines": 0, "percent_statements_covered": 100.0, "percent_statements_covered_display": "100"}, "missing_lines": [], "excluded_lines": [], "start_line": 71}, "LaunchPad.from_dict": {"executed_lines": [82], "summary": {"covered_lines": 1, "num_statements": 1, "percent_covered": 100.0, "percent_covered_display": "100", "missing_lines": 0, "excluded_lines": 0, "percent_statements_covered": 100.0, "percent_statements_covered_display": "100"}, "missing_lines": [], "excluded_lines": [], "start_line": 81}, "": {"executed_lines": [1, 2, 4, 7, 8, 20, 21, 27, 30, 51, 67, 71, 80, 81], "summary": {"covered_lines": 14, "num_statements": 14, "percent_covered": 100.0, "percent_covered_display": "100", "missing_lines": 0, "excluded_lines": 0, "percent_statements_covered": 100.0, "percent_statements_covered_display": "100"}, "missing_lines": [], "excluded_lines": [], "start_line": 1}}, "classes": {"LaunchPad": {"executed_lines": [9, 10, 11, 13, 14, 15, 16, 17, 18, 23, 24, 25, 28, 31, 32, 38, 48, 52, 53, 54, 55, 56, 57, 63, 64, 65, 68, 69, 72, 82], "summary": {"covered_lines": 30, "num_statements": 35, "percent_covered": 85.71428571428571, "percent_covered_display": "86", "missing_lines": 5, "excluded_lines": 0, "percent_statements_covered": 85.71428571428571, "percent_statements_covered_display": "86"}, "missing_lines": [58, 59, 60, 61, 62], "excluded_lines": [], "start_line": 7}, "": {"executed_lines": [1, 2, 4, 7, 8, 20, 21, 27, 30, 51, 67, 71, 80, 81], "summary": {"covered_lines": 14, "num_statements": 14, "percent_covered": 100.0, "percent_covered_display": "100", "missing_lines": 0, "excluded_lines": 0, "percent_statements_covered": 100.0, "percent_statements_covered_display": "100"}, "missing_lines": [], "excluded_lines": [], "start_line": 1}}}, "src/missile.py": {"executed_lines": [1, 3, 5, 8, 9, 12, 13, 14, 16, 17, 18, 19, 21, 22, 23, 25, 26, 28, 29, 31, 32, 34, 35, 38, 39, 43, 44, 45, 46, 49, 56, 57, 58, 60, 61, 63, 64, 69, 70, 72, 73, 74, 75, 76, 78, 81, 82, 83, 85, 96, 97, 98, 99, 100, 101, 102, 103, 104, 105, 106, 107, 108, 111, 112, 116, 122, 123, 124, 126, 127, 128, 130, 131, 132, 133, 135, 136, 137, 142, 146, 150, 151, 155, 162, 163, 164, 166, 167, 168, 169, 171, 176, 180, 182, 188, 189, 190, 192, 193, 197, 201, 205, 206, 208, 212, 213, 217, 219, 220, 221], "summary": {"covered_lines": 110, "num_statements": 117, "percent_covered": 94.01709401709402, "percent_covered_display": "94", "missing_lines": 7, "excluded_lines": 0, "percent_statements_covered": 94.01709401709402, "percent_statements_covered_display": "94"}, "missing_lines": [30, 36, 143, 144, 145, 147, 148], "excluded_lines": [], "functions": {"_distance": {"executed_lines": [9], "summary": {"covered_lines": 1, "num_statements": 1, "percent_covered": 100.0, "percent_covered_display": "100", "missing_lines": 0, "excluded_lines": 0, "percent_statements_covered": 100.0, "percent_statements_covered_display": "100"}, "missing_lines": [], "excluded_lines": [], "start_line": 8}, "_solve_intercept_time": {"executed_lines": [13, 14, 16, 17, 18, 19, 21, 22, 23, 25, 26, 28, 29, 31, 32, 34, 35, 38, 39, 43, 44, 45, 46], "summary": {"covered_lines": 23, "num_statements": 25, "percent_covered": 92.0, "percent_covered_display": "92", "missing_lines": 2, "excluded_lines": 0, "percent_statements_covered": 92.0, "percent_statements_covered_display": "92"}, "missing_lines": [30, 36], "excluded_lines": [], "start_line": 12}, "predict_intercept_point": {"executed_lines": [56, 57, 58, 60, 61, 63, 64, 69, 70, 72, 73, 74, 75, 76, 78], "summary": {"covered_lines": 15, "num_statements": 15, "percent_covered": 100.0, "percent_covered_display": "100", "missing_lines": 0, "excluded_lines": 0, "percent_statements_covered": 100.0, "percent_statements_covered_display": "100"}, "missing_lines": [], "excluded_lines": [], "start_line": 49}, "Missile.__init__": {"executed_lines": [96, 97, 98, 99, 100, 101, 102, 103, 104, 105, 106, 107, 108, 111, 112, 116], "summary": {"covered_lines": 16, "num_statements": 16, "percent_covered": 100.0, "percent_covered_display": "100", "missing_lines": 0, "excluded_lines": 0, "percent_statements_covered": 100.0, "percent_statements_covered_display": "100"}, "missing_lines": [], "excluded_lines": [], "start_line": 85}, "Missile.update": {"executed_lines": [123, 124, 126, 127, 128, 130, 131, 132, 133, 135, 136, 137, 142, 146, 150, 151, 155, 162, 163, 164, 166, 167, 168, 169, 171, 176, 180, 182, 188, 189, 190], "summary": {"covered_lines": 31, "num_statements": 36, "percent_covered": 86.11111111111111, "percent_covered_display": "86", "missing_lines": 5, "excluded_lines": 0, "percent_statements_covered": 86.11111111111111, "percent_statements_covered_display": "86"}, "missing_lines": [143, 144, 145, 147, 148], "excluded_lines": [], "start_line": 122}, "Missile._hit_current_target": {"executed_lines": [193, 197, 201, 205, 206, 208, 212, 213, 217], "summary": {"covered_lines": 9, "num_statements": 9, "percent_covered": 100.0, "percent_covered_display": "100", "missing_lines": 0, "excluded_lines": 0, "percent_statements_covered": 100.0, "percent_statements_covered_display": "100"}, "missing_lines": [], "excluded_lines": [], "start_line": 192}, "Missile._distance": {"executed_lines": [221], "summary": {"covered_lines": 1, "num_statements": 1, "percent_covered": 100.0, "percent_covered_display": "100", "missing_lines": 0, "excluded_lines": 0, "percent_statements_covered": 100.0, "percent_statements_covered_display": "100"}, "missing_lines": [], "excluded_lines": [], "start_line": 220}, "": {"executed_lines": [1, 3, 5, 8, 12, 49, 81, 82, 83, 85, 122, 192, 219, 220], "summary": {"covered_lines": 14, "num_statements": 14, "percent_covered": 100.0, "percent_covered_display": "100", "missing_lines": 0, "excluded_lines": 0, "percent_statements_covered": 100.0, "percent_statements_covered_display": "100"}, "missing_lines": [], "excluded_lines": [], "start_line": 1}}, "classes": {"Missile": {"executed_lines": [96, 97, 98, 99, 100, 101, 102, 103, 104, 105, 106, 107, 108, 111, 112, 116, 123, 124, 126, 127, 128, 130, 131, 132, 133, 135, 136, 137, 142, 146, 150, 151, 155, 162, 163, 164, 166, 167, 168, 169, 171, 176, 180, 182, 188, 189, 190, 193, 197, 201, 205, 206, 208, 212, 213, 217, 221], "summary": {"covered_lines": 57, "num_statements": 62, "percent_covered": 91.93548387096774, "percent_covered_display": "92", "missing_lines": 5, "excluded_lines": 0, "percent_statements_covered": 91.93548387096774, "percent_statements_covered_display": "92"}, "missing_lines": [143, 144, 145, 147, 148], "excluded_lines": [], "start_line": 81}, "": {"executed_lines": [1, 3, 5, 8, 9, 12, 13, 14, 16, 17, 18, 19, 21, 22, 23, 25, 26, 28, 29, 31, 32, 34, 35, 38, 39, 43, 44, 45, 46, 49, 56, 57, 58, 60, 61, 63, 64, 69, 70, 72, 73, 74, 75, 76, 78, 81, 82, 83, 85, 122, 192, 219, 220], "summary": {"covered_lines": 53, "num_statements": 55, "percent_covered": 96.36363636363636, "percent_covered_display": "96", "missing_lines": 2, "excluded_lines": 0, "percent_statements_covered": 96.36363636363636, "percent_statements_covered_display": "96"}, "missing_lines": [30, 36], "excluded_lines": [], "start_line": 1}}}, "src/motion_errors.py": {"executed_lines": [1, 2, 4, 8, 9, 10, 11, 14, 15, 16, 17, 18, 21, 22, 25, 26, 27, 29, 30, 31, 32, 34, 35, 36, 37, 39, 45, 46, 55, 56], "summary": {"covered_lines": 30, "num_statements": 30, "percent_covered": 100.0, "percent_covered_display": "100", "missing_lines": 0, "excluded_lines": 0, "percent_statements_covered": 100.0, "percent_statements_covered_display": "100"}, "missing_lines": [], "excluded_lines": [], "functions": {"_stable_noise_sample": {"executed_lines": [15, 16, 17, 18], "summary": {"covered_lines": 4, "num_statements": 4, "percent_covered": 100.0, "percent_covered_display": "100", "missing_lines": 0, "excluded_lines": 0, "percent_statements_covered": 100.0, "percent_statements_covered_display": "100"}, "missing_lines": [], "excluded_lines": [], "start_line": 14}, "_smoothstep": {"executed_lines": [22], "summary": {"covered_lines": 1, "num_statements": 1, "percent_covered": 100.0, "percent_covered_display": "100", "missing_lines": 0, "excluded_lines": 0, "percent_statements_covered": 100.0, "percent_statements_covered_display": "100"}, "missing_lines": [], "excluded_lines": [], "start_line": 21}, "_get_position_error": {"executed_lines": [26, 27, 29, 30, 31, 32, 34, 35, 36, 37, 39], "summary": {"covered_lines": 11, "num_statements": 11, "percent_covered": 100.0, "percent_covered_display": "100", "missing_lines": 0, "excluded_lines": 0, "percent_statements_covered": 100.0, "percent_statements_covered_display": "100"}, "missing_lines": [], "excluded_lines": [], "start_line": 25}, "get_target_position_error": {"executed_lines": [46], "summary": {"covered_lines": 1, "num_statements": 1, "percent_covered": 100.0, "percent_covered_display": "100", "missing_lines": 0, "excluded_lines": 0, "percent_statements_covered": 100.0, "percent_statements_covered_display": "100"}, "missing_lines": [], "excluded_lines": [], "start_line": 45}, "get_missile_position_error": {"executed_lines": [56], "summary": {"covered_lines": 1, "num_statements": 1, "percent_covered": 100.0, "percent_covered_display": "100", "missing_lines": 0, "excluded_lines": 0, "percent_statements_covered": 100.0, "percent_statements_covered_display": "100"}, "missing_lines": [], "excluded_lines": [], "start_line": 55}, "": {"executed_lines": [1, 2, 4, 8, 9, 10, 11, 14, 21, 25, 45, 55], "summary": {"covered_lines": 12, "num_statements": 12, "percent_covered": 100.0, "percent_covered_display": "100", "missing_lines": 0, "excluded_lines": 0, "percent_statements_covered": 100.0, "percent_statements_covered_display": "100"}, "missing_lines": [], "excluded_lines": [], "start_line": 1}}, "classes": {"": {"executed_lines": [1, 2, 4, 8, 9, 10, 11, 14, 15, 16, 17, 18, 21, 22, 25, 26, 27, 29, 30, 31, 32, 34, 35, 36, 37, 39, 45, 46, 55, 56], "summary": {"covered_lines": 30, "num_statements": 30, "percent_covered": 100.0, "percent_covered_display": "100", "missing_lines": 0, "excluded_lines": 0, "percent_statements_covered": 100.0, "percent_statements_covered_display": "100"}, "missing_lines": [], "excluded_lines": [], "start_line": 1}}}, "src/radar.py": {"executed_lines": [1, 3, 6, 7, 8, 9, 10, 12, 13, 14, 15, 16, 17, 18, 19, 20, 22, 24, 25, 26, 28, 29, 30, 31, 33, 34, 35, 36, 38, 39, 40, 41, 43, 44, 46, 47, 48, 49, 50, 52, 53, 54, 55, 56, 57, 58, 60, 61, 62, 63, 64, 66, 67, 68, 69, 70, 71, 72, 74, 75, 76, 77, 79, 80, 81, 82, 83, 85, 86, 87, 89, 90, 92, 93, 95, 96, 98, 99, 102, 105, 106, 107, 121, 122, 131, 132, 133], "summary": {"covered_lines": 87, "num_statements": 97, "percent_covered": 89.69072164948453, "percent_covered_display": "90", "missing_lines": 10, "excluded_lines": 0, "percent_statements_covered": 89.69072164948453, "percent_statements_covered_display": "90"}, "missing_lines": [109, 110, 112, 113, 114, 115, 116, 117, 118, 119], "excluded_lines": [], "functions": {"Radar.__init__": {"executed_lines": [8, 9, 10, 12, 13, 14, 15, 16, 17, 18, 19, 20], "summary": {"covered_lines": 12, "num_statements": 12, "percent_covered": 100.0, "percent_covered_display": "100", "missing_lines": 0, "excluded_lines": 0, "percent_statements_covered": 100.0, "percent_statements_covered_display": "100"}, "missing_lines": [], "excluded_lines": [], "start_line": 7}, "Radar.get_distance_to_point": {"executed_lines": [24, 25, 26], "summary": {"covered_lines": 3, "num_statements": 3, "percent_covered": 100.0, "percent_covered_display": "100", "missing_lines": 0, "excluded_lines": 0, "percent_statements_covered": 100.0, "percent_statements_covered_display": "100"}, "missing_lines": [], "excluded_lines": [], "start_line": 22}, "Radar.get_current_angle": {"executed_lines": [29, 30, 31], "summary": {"covered_lines": 3, "num_statements": 3, "percent_covered": 100.0, "percent_covered_display": "100", "missing_lines": 0, "excluded_lines": 0, "percent_statements_covered": 100.0, "percent_statements_covered_display": "100"}, "missing_lines": [], "excluded_lines": [], "start_line": 28}, "Radar._point_angle": {"executed_lines": [34, 35, 36], "summary": {"covered_lines": 3, "num_statements": 3, "percent_covered": 100.0, "percent_covered_display": "100", "missing_lines": 0, "excluded_lines": 0, "percent_statements_covered": 100.0, "percent_statements_covered_display": "100"}, "missing_lines": [], "excluded_lines": [], "start_line": 33}, "Radar._point_in_range": {"executed_lines": [39, 40, 41], "summary": {"covered_lines": 3, "num_statements": 3, "percent_covered": 100.0, "percent_covered_display": "100", "missing_lines": 0, "excluded_lines": 0, "percent_statements_covered": 100.0, "percent_statements_covered_display": "100"}, "missing_lines": [], "excluded_lines": [], "start_line": 38}, "Radar.can_track_point": {"executed_lines": [44], "summary": {"covered_lines": 1, "num_statements": 1, "percent_covered": 100.0, "percent_covered_display": "100", "missing_lines": 0, "excluded_lines": 0, "percent_statements_covered": 100.0, "percent_statements_covered_display": "100"}, "missing_lines": [], "excluded_lines": [], "start_line": 43}, "Radar.start_tracking": {"executed_lines": [47, 48, 49, 50], "summary": {"covered_lines": 4, "num_statements": 4, "percent_covered": 100.0, "percent_covered_display": "100", "missing_lines": 0, "excluded_lines": 0, "percent_statements_covered": 100.0, "percent_statements_covered_display": "100"}, "missing_lines": [], "excluded_lines": [], "start_line": 46}, "Radar.update_tracking": {"executed_lines": [53, 54, 55, 56, 57, 58, 60, 61, 62, 63, 64], "summary": {"covered_lines": 11, "num_statements": 11, "percent_covered": 100.0, "percent_covered_display": "100", "missing_lines": 0, "excluded_lines": 0, "percent_statements_covered": 100.0, "percent_statements_covered_display": "100"}, "missing_lines": [], "excluded_lines": [], "start_line": 52}, "Radar.stop_tracking": {"executed_lines": [67, 68, 69, 70, 71, 72], "summary": {"covered_lines": 6, "num_statements": 6, "percent_covered": 100.0, "percent_covered_display": "100", "missing_lines": 0, "excluded_lines": 0, "percent_statements_covered": 100.0, "percent_statements_covered_display": "100"}, "missing_lines": [], "excluded_lines": [], "start_line": 66}, "Radar._angle_inside_sector": {"executed_lines": [75, 76, 77], "summary": {"covered_lines": 3, "num_statements": 3, "percent_covered": 100.0, "percent_covered_display": "100", "missing_lines": 0, "excluded_lines": 0, "percent_statements_covered": 100.0, "percent_statements_covered_display": "100"}, "missing_lines": [], "excluded_lines": [], "start_line": 74}, "Radar.contains_point": {"executed_lines": [80, 81, 82, 83], "summary": {"covered_lines": 4, "num_statements": 4, "percent_covered": 100.0, "percent_covered_display": "100", "missing_lines": 0, "excluded_lines": 0, "percent_statements_covered": 100.0, "percent_statements_covered_display": "100"}, "missing_lines": [], "excluded_lines": [], "start_line": 79}, "Radar.contains_point_during_interval": {"executed_lines": [86, 87, 89, 90, 92, 93, 95, 96, 98, 99, 102, 105, 106, 107], "summary": {"covered_lines": 14, "num_statements": 24, "percent_covered": 58.333333333333336, "percent_covered_display": "58", "missing_lines": 10, "excluded_lines": 0, "percent_statements_covered": 58.333333333333336, "percent_statements_covered_display": "58"}, "missing_lines": [109, 110, 112, 113, 114, 115, 116, 117, 118, 119], "excluded_lines": [], "start_line": 85}, "Radar.to_dict": {"executed_lines": [122], "summary": {"covered_lines": 1, "num_statements": 1, "percent_covered": 100.0, "percent_covered_display": "100", "missing_lines": 0, "excluded_lines": 0, "percent_statements_covered": 100.0, "percent_statements_covered_display": "100"}, "missing_lines": [], "excluded_lines": [], "start_line": 121}, "Radar.from_dict": {"executed_lines": [133], "summary": {"covered_lines": 1, "num_statements": 1, "percent_covered": 100.0, "percent_covered_display": "100", "missing_lines": 0, "excluded_lines": 0, "percent_statements_covered": 100.0, "percent_statements_covered_display": "100"}, "missing_lines": [], "excluded_lines": [], "start_line": 132}, "": {"executed_lines": [1, 3, 6, 7, 22, 28, 33, 38, 43, 46, 52, 66, 74, 79, 85, 121, 131, 132], "summary": {"covered_lines": 18, "num_statements": 18, "percent_covered": 100.0, "percent_covered_display": "100", "missing_lines": 0, "excluded_lines": 0, "percent_statements_covered": 100.0, "percent_statements_covered_display": "100"}, "missing_lines": [], "excluded_lines": [], "start_line": 1}}, "classes": {"Radar": {"executed_lines": [8, 9, 10, 12, 13, 14, 15, 16, 17, 18, 19, 20, 24, 25, 26, 29, 30, 31, 34, 35, 36, 39, 40, 41, 44, 47, 48, 49, 50, 53, 54, 55, 56, 57, 58, 60, 61, 62, 63, 64, 67, 68, 69, 70, 71, 72, 75, 76, 77, 80, 81, 82, 83, 86, 87, 89, 90, 92, 93, 95, 96, 98, 99, 102, 105, 106, 107, 122, 133], "summary": {"covered_lines": 69, "num_statements": 79, "percent_covered": 87.34177215189874, "percent_covered_display": "87", "missing_lines": 10, "excluded_lines": 0, "percent_statements_covered": 87.34177215189874, "percent_statements_covered_display": "87"}, "missing_lines": [109, 110, 112, 113, 114, 115, 116, 117, 118, 119], "excluded_lines": [], "start_line": 6}, "": {"executed_lines": [1, 3, 6, 7, 22, 28, 33, 38, 43, 46, 52, 66, 74, 79, 85, 121, 131, 132], "summary": {"covered_lines": 18, "num_statements": 18, "percent_covered": 100.0, "percent_covered_display": "100", "missing_lines": 0, "excluded_lines": 0, "percent_statements_covered": 100.0, "percent_statements_covered_display": "100"}, "missing_lines": [], "excluded_lines": [], "start_line": 1}}}, "src/simulation_defaults.py": {"executed_lines": [8, 9, 10, 11, 12, 15, 16, 19, 20, 23, 25, 26, 27, 29, 30, 31, 33, 34, 36, 38, 39, 41, 42, 43, 44], "summary": {"covered_lines": 25, "num_statements": 25, "percent_covered": 100.0, "percent_covered_display": "100", "missing_lines": 0, "excluded_lines": 0, "percent_statements_covered": 100.0, "percent_statements_covered_display": "100"}, "missing_lines": [], "excluded_lines": [], "functions": {"meters_to_pixels": {"executed_lines": [16], "summary": {"covered_lines": 1, "num_statements": 1, "percent_covered": 100.0, "percent_covered_display": "100", "missing_lines": 0, "excluded_lines": 0, "percent_statements_covered": 100.0, "percent_statements_covered_display": "100"}, "missing_lines": [], "excluded_lines": [], "start_line": 15}, "mps_to_pixels_per_second": {"executed_lines": [20], "summary": {"covered_lines": 1, "num_statements": 1, "percent_covered": 100.0, "percent_covered_display": "100", "missing_lines": 0, "excluded_lines": 0, "percent_statements_covered": 100.0, "percent_statements_covered_display": "100"}, "missing_lines": [], "excluded_lines": [], "start_line": 19}, "": {"executed_lines": [8, 9, 10, 11, 12, 15, 19, 23, 25, 26, 27, 29, 30, 31, 33, 34, 36, 38, 39, 41, 42, 43, 44], "summary": {"covered_lines": 23, "num_statements": 23, "percent_covered": 100.0, "percent_covered_display": "100", "missing_lines": 0, "excluded_lines": 0, "percent_statements_covered": 100.0, "percent_statements_covered_display": "100"}, "missing_lines": [], "excluded_lines": [], "start_line": 1}}, "classes": {"": {"executed_lines": [8, 9, 10, 11, 12, 15, 16, 19, 20, 23, 25, 26, 27, 29, 30, 31, 33, 34, 36, 38, 39, 41, 42, 43, 44], "summary": {"covered_lines": 25, "num_statements": 25, "percent_covered": 100.0, "percent_covered_display": "100", "missing_lines": 0, "excluded_lines": 0, "percent_statements_covered": 100.0, "percent_statements_covered_display": "100"}, "missing_lines": [], "excluded_lines": [], "start_line": 1}}}, "src/trajectory.py": {"executed_lines": [1, 2, 4, 5, 7, 10, 11, 12, 13, 14, 15, 16, 17, 18, 19, 20, 21, 23, 25, 26, 27, 29, 30, 32, 33, 34, 35, 36, 37, 38, 39, 40, 41, 42, 43, 44, 45, 46, 47, 49, 50, 52, 53, 54, 56, 58, 59, 60, 61, 62, 63, 64, 65, 66, 67, 68, 69, 71, 72, 73, 74, 75, 76, 77, 78, 80, 81, 82, 84, 85, 86, 87, 88, 89, 90, 91, 92, 94, 95, 96, 97, 98, 99, 101, 102, 103, 104, 105, 106, 107, 108, 109, 110, 111, 112, 113, 114, 115, 119, 120, 121, 122, 123, 125, 126, 130, 131, 132, 135, 136, 137, 138, 148, 149, 150, 151, 153, 154, 156, 157, 164, 165, 166, 167, 168, 169, 170, 171, 174, 175, 176, 177], "summary": {"covered_lines": 132, "num_statements": 146, "percent_covered": 90.41095890410959, "percent_covered_display": "90", "missing_lines": 14, "excluded_lines": 0, "percent_statements_covered": 90.41095890410959, "percent_statements_covered_display": "90"}, "missing_lines": [79, 116, 117, 128, 133, 134, 139, 141, 142, 143, 144, 145, 146, 173], "excluded_lines": [], "functions": {"Trajectory.__init__": {"executed_lines": [12, 13, 14, 15, 16, 17, 18, 19, 20, 21, 23], "summary": {"covered_lines": 11, "num_statements": 11, "percent_covered": 100.0, "percent_covered_display": "100", "missing_lines": 0, "excluded_lines": 0, "percent_statements_covered": 100.0, "percent_statements_covered_display": "100"}, "missing_lines": [], "excluded_lines": [], "start_line": 11}, "Trajectory._refresh_motion_error_key": {"executed_lines": [26, 27], "summary": {"covered_lines": 2, "num_statements": 2, "percent_covered": 100.0, "percent_covered_display": "100", "missing_lines": 0, "excluded_lines": 0, "percent_statements_covered": 100.0, "percent_statements_covered_display": "100"}, "missing_lines": [], "excluded_lines": [], "start_line": 25}, "Trajectory.refresh_motion_error_key": {"executed_lines": [30], "summary": {"covered_lines": 1, "num_statements": 1, "percent_covered": 100.0, "percent_covered_display": "100", "missing_lines": 0, "excluded_lines": 0, "percent_statements_covered": 100.0, "percent_statements_covered_display": "100"}, "missing_lines": [], "excluded_lines": [], "start_line": 29}, "Trajectory.compute_segments": {"executed_lines": [33, 34, 35, 36, 37, 38, 39, 40, 41, 42, 43, 44, 45, 46, 47, 49, 50], "summary": {"covered_lines": 17, "num_statements": 17, "percent_covered": 100.0, "percent_covered_display": "100", "missing_lines": 0, "excluded_lines": 0, "percent_statements_covered": 100.0, "percent_statements_covered_display": "100"}, "missing_lines": [], "excluded_lines": [], "start_line": 32}, "Trajectory._update_travel_time": {"executed_lines": [53, 54, 56], "summary": {"covered_lines": 3, "num_statements": 3, "percent_covered": 100.0, "percent_covered_display": "100", "missing_lines": 0, "excluded_lines": 0, "percent_statements_covered": 100.0, "percent_statements_covered_display": "100"}, "missing_lines": [], "excluded_lines": [], "start_line": 52}, "Trajectory.add_point": {"executed_lines": [59, 60, 61, 62, 63, 64, 65, 66, 67, 68, 69], "summary": {"covered_lines": 11, "num_statements": 11, "percent_covered": 100.0, "percent_covered_display": "100", "missing_lines": 0, "excluded_lines": 0, "percent_statements_covered": 100.0, "percent_statements_covered_display": "100"}, "missing_lines": [], "excluded_lines": [], "start_line": 58}, "Trajectory.remove_last_point": {"executed_lines": [72, 73, 74, 75, 76, 77, 78, 80, 81, 82], "summary": {"covered_lines": 10, "num_statements": 11, "percent_covered": 90.9090909090909, "percent_covered_display": "91", "missing_lines": 1, "excluded_lines": 0, "percent_statements_covered": 90.9090909090909, "percent_statements_covered_display": "91"}, "missing_lines": [79], "excluded_lines": [], "start_line": 71}, "Trajectory.get_position": {"executed_lines": [85, 86, 87, 88, 89, 90, 91, 92], "summary": {"covered_lines": 8, "num_statements": 8, "percent_covered": 100.0, "percent_covered_display": "100", "missing_lines": 0, "excluded_lines": 0, "percent_statements_covered": 100.0, "percent_statements_covered_display": "100"}, "missing_lines": [], "excluded_lines": [], "start_line": 84}, "Trajectory.get_observed_position": {"executed_lines": [95, 96, 97, 98, 99], "summary": {"covered_lines": 5, "num_statements": 5, "percent_covered": 100.0, "percent_covered_display": "100", "missing_lines": 0, "excluded_lines": 0, "percent_statements_covered": 100.0, "percent_statements_covered_display": "100"}, "missing_lines": [], "excluded_lines": [], "start_line": 94}, "Trajectory.get_position_by_t": {"executed_lines": [102, 103, 104, 105, 106, 107, 108, 109, 110, 111, 112, 113, 114, 115], "summary": {"covered_lines": 14, "num_statements": 16, "percent_covered": 87.5, "percent_covered_display": "88", "missing_lines": 2, "excluded_lines": 0, "percent_statements_covered": 87.5, "percent_statements_covered_display": "88"}, "missing_lines": [116, 117], "excluded_lines": [], "start_line": 101}, "Trajectory.get_velocity": {"executed_lines": [120, 121, 122, 123, 125, 126, 130, 131, 132, 135, 136, 137, 138], "summary": {"covered_lines": 13, "num_statements": 23, "percent_covered": 56.52173913043478, "percent_covered_display": "57", "missing_lines": 10, "excluded_lines": 0, "percent_statements_covered": 56.52173913043478, "percent_statements_covered_display": "57"}, "missing_lines": [128, 133, 134, 139, 141, 142, 143, 144, 145, 146], "excluded_lines": [], "start_line": 119}, "Trajectory.set_speed": {"executed_lines": [149, 150, 151], "summary": {"covered_lines": 3, "num_statements": 3, "percent_covered": 100.0, "percent_covered_display": "100", "missing_lines": 0, "excluded_lines": 0, "percent_statements_covered": 100.0, "percent_statements_covered_display": "100"}, "missing_lines": [], "excluded_lines": [], "start_line": 148}, "Trajectory.reset_simulation_state": {"executed_lines": [154], "summary": {"covered_lines": 1, "num_statements": 1, "percent_covered": 100.0, "percent_covered_display": "100", "missing_lines": 0, "excluded_lines": 0, "percent_statements_covered": 100.0, "percent_statements_covered_display": "100"}, "missing_lines": [], "excluded_lines": [], "start_line": 153}, "Trajectory.to_dict": {"executed_lines": [157], "summary": {"covered_lines": 1, "num_statements": 1, "percent_covered": 100.0, "percent_covered_display": "100", "missing_lines": 0, "excluded_lines": 0, "percent_statements_covered": 100.0, "percent_statements_covered_display": "100"}, "missing_lines": [], "excluded_lines": [], "start_line": 156}, "Trajectory.from_dict": {"executed_lines": [166, 167, 168, 169, 170, 171, 174, 175, 176, 177], "summary": {"covered_lines": 10, "num_statements": 11, "percent_covered": 90.9090909090909, "percent_covered_display": "91", "missing_lines": 1, "excluded_lines": 0, "percent_statements_covered": 90.9090909090909, "percent_statements_covered_display": "91"}, "missing_lines": [173], "excluded_lines": [], "start_line": 165}, "": {"executed_lines": [1, 2, 4, 5, 7, 10, 11, 25, 29, 32, 52, 58, 71, 84, 94, 101, 119, 148, 153, 156, 164, 165], "summary": {"covered_lines": 22, "num_statements": 22, "percent_covered": 100.0, "percent_covered_display": "100", "missing_lines": 0, "excluded_lines": 0, "percent_statements_covered": 100.0, "percent_statements_covered_display": "100"}, "missing_lines": [], "excluded_lines": [], "start_line": 1}}, "classes": {"Trajectory": {"executed_lines": [12, 13, 14, 15, 16, 17, 18, 19, 20, 21, 23, 26, 27, 30, 33, 34, 35, 36, 37, 38, 39, 40, 41, 42, 43, 44, 45, 46, 47, 49, 50, 53, 54, 56, 59, 60, 61, 62, 63, 64, 65, 66, 67, 68, 69, 72, 73, 74, 75, 76, 77, 78, 80, 81, 82, 85, 86, 87, 88, 89, 90, 91, 92, 95, 96, 97, 98, 99, 102, 103, 104, 105, 106, 107, 108, 109, 110, 111, 112, 113, 114, 115, 120, 121, 122, 123, 125, 126, 130, 131, 132, 135, 136, 137, 138, 149, 150, 151, 154, 157, 166, 167, 168, 169, 170, 171, 174, 175, 176, 177], "summary": {"covered_lines": 110, "num_statements": 124, "percent_covered": 88.70967741935483, "percent_covered_display": "89", "missing_lines": 14, "excluded_lines": 0, "percent_statements_covered": 88.70967741935483, "percent_statements_covered_display": "89"}, "missing_lines": [79, 116, 117, 128, 133, 134, 139, 141, 142, 143, 144, 145, 146, 173], "excluded_lines": [], "start_line": 10}, "": {"executed_lines": [1, 2, 4, 5, 7, 10, 11, 25, 29, 32, 52, 58, 71, 84, 94, 101, 119, 148, 153, 156, 164, 165], "summary": {"covered_lines": 22, "num_statements": 22, "percent_covered": 100.0, "percent_covered_display": "100", "missing_lines": 0, "excluded_lines": 0, "percent_statements_covered": 100.0, "percent_statements_covered_display": "100"}, "missing_lines": [], "excluded_lines": [], "start_line": 1}}}, "tests/__init__.py": {"executed_lines": [], "summary": {"covered_lines": 0, "num_statements": 0, "percent_covered": 100.0, "percent_covered_display": "100", "missing_lines": 0, "excluded_lines": 0, "percent_statements_covered": 100.0, "percent_statements_covered_display": "100"}, "missing_lines": [], "excluded_lines": [], "functions": {"": {"executed_lines": [], "summary": {"covered_lines": 0, "num_statements": 0, "percent_covered": 100.0, "percent_covered_display": "100", "missing_lines": 0, "excluded_lines": 0, "percent_statements_covered": 100.0, "percent_statements_covered_display": "100"}, "missing_lines": [], "excluded_lines": [], "start_line": 1}}, "classes": {"": {"executed_lines": [], "summary": {"covered_lines": 0, "num_statements": 0, "percent_covered": 100.0, "percent_covered_display": "100", "missing_lines": 0, "excluded_lines": 0, "percent_statements_covered": 100.0, "percent_statements_covered_display": "100"}, "missing_lines": [], "excluded_lines": [], "start_line": 1}}}, "tests/test_event_logger.py": {"executed_lines": [2, 3, 4, 5, 6, 8, 10, 13, 16, 17, 18, 19, 20, 22, 23, 24, 25, 26, 28, 29, 30, 31, 32, 35, 38, 39, 40, 41, 43, 44, 47, 50, 51, 52, 54, 55, 56, 57, 59, 62, 63, 65, 66, 67, 68, 70, 71, 72, 74, 75, 77, 78, 79, 80, 82, 83, 84, 87, 89, 90, 92, 93, 94, 96, 97, 98, 99, 101, 102, 104, 105, 107, 108, 109, 110, 112, 115, 116, 117], "summary": {"covered_lines": 79, "num_statements": 79, "percent_covered": 100.0, "percent_covered_display": "100", "missing_lines": 0, "excluded_lines": 0, "percent_statements_covered": 100.0, "percent_statements_covered_display": "100"}, "missing_lines": [], "excluded_lines": [], "functions": {"TestEventLoggerInit.test_init_with_string_path": {"executed_lines": [17, 18, 19, 20], "summary": {"covered_lines": 4, "num_statements": 4, "percent_covered": 100.0, "percent_covered_display": "100", "missing_lines": 0, "excluded_lines": 0, "percent_statements_covered": 100.0, "percent_statements_covered_display": "100"}, "missing_lines": [], "excluded_lines": [], "start_line": 16}, "TestEventLoggerInit.test_init_with_path_object": {"executed_lines": [23, 24, 25, 26], "summary": {"covered_lines": 4, "num_statements": 4, "percent_covered": 100.0, "percent_covered_display": "100", "missing_lines": 0, "excluded_lines": 0, "percent_statements_covered": 100.0, "percent_statements_covered_display": "100"}, "missing_lines": [], "excluded_lines": [], "start_line": 22}, "TestEventLoggerInit.test_creates_parent_directories": {"executed_lines": [29, 30, 31, 32], "summary": {"covered_lines": 4, "num_statements": 4, "percent_covered": 100.0, "percent_covered_display": "100", "missing_lines": 0, "excluded_lines": 0, "percent_statements_covered": 100.0, "percent_statements_covered_display": "100"}, "missing_lines": [], "excluded_lines": [], "start_line": 28}, "TestEventLoggerLog.test_log_writes_to_file": {"executed_lines": [39, 40, 41, 43, 44, 47, 50, 51, 52], "summary": {"covered_lines": 9, "num_statements": 9, "percent_covered": 100.0, "percent_covered_display": "100", "missing_lines": 0, "excluded_lines": 0, "percent_statements_covered": 100.0, "percent_statements_covered_display": "100"}, "missing_lines": [], "excluded_lines": [], "start_line": 38}, "TestEventLoggerLog.test_log_adds_timestamp": {"executed_lines": [55, 56, 57, 59, 62, 63], "summary": {"covered_lines": 6, "num_statements": 6, "percent_covered": 100.0, "percent_covered_display": "100", "missing_lines": 0, "excluded_lines": 0, "percent_statements_covered": 100.0, "percent_statements_covered_display": "100"}, "missing_lines": [], "excluded_lines": [], "start_line": 54}, "TestEventLoggerLog.test_log_multiple_entries": {"executed_lines": [66, 67, 68, 70, 71, 72, 74, 75, 77, 78, 79, 80], "summary": {"covered_lines": 12, "num_statements": 12, "percent_covered": 100.0, "percent_covered_display": "100", "missing_lines": 0, "excluded_lines": 0, "percent_statements_covered": 100.0, "percent_statements_covered_display": "100"}, "missing_lines": [], "excluded_lines": [], "start_line": 65}, "TestEventLoggerLog.test_log_appends_to_existing_file": {"executed_lines": [83, 84, 87, 89, 90, 92, 93, 94], "summary": {"covered_lines": 8, "num_statements": 8, "percent_covered": 100.0, "percent_covered_display": "100", "missing_lines": 0, "excluded_lines": 0, "percent_statements_covered": 100.0, "percent_statements_covered_display": "100"}, "missing_lines": [], "excluded_lines": [], "start_line": 82}, "TestEventLoggerLog.test_log_handles_unicode": {"executed_lines": [97, 98, 99, 101, 102, 104, 105], "summary": {"covered_lines": 7, "num_statements": 7, "percent_covered": 100.0, "percent_covered_display": "100", "missing_lines": 0, "excluded_lines": 0, "percent_statements_covered": 100.0, "percent_statements_covered_display": "100"}, "missing_lines": [], "excluded_lines": [], "start_line": 96}, "TestEventLoggerLog.test_log_returns_formatted_string": {"executed_lines": [108, 109, 110, 112, 115, 116, 117], "summary": {"covered_lines": 7, "num_statements": 7, "percent_covered": 100.0, "percent_covered_display": "100", "missing_lines": 0, "excluded_lines": 0, "percent_statements_covered": 100.0, "percent_statements_covered_display": "100"}, "missing_lines": [], "excluded_lines": [], "start_line": 107}, "": {"executed_lines": [2, 3, 4, 5, 6, 8, 10, 13, 16, 22, 28, 35, 38, 54, 65, 82, 96, 107], "summary": {"covered_lines": 18, "num_statements": 18, "percent_covered": 100.0, "percent_covered_display": "100", "missing_lines": 0, "excluded_lines": 0, "percent_statements_covered": 100.0, "percent_statements_covered_display": "100"}, "missing_lines": [], "excluded_lines": [], "start_line": 1}}, "classes": {"TestEventLoggerInit": {"executed_lines": [17, 18, 19, 20, 23, 24, 25, 26, 29, 30, 31, 32], "summary": {"covered_lines": 12, "num_statements": 12, "percent_covered": 100.0, "percent_covered_display": "100", "missing_lines": 0, "excluded_lines": 0, "percent_statements_covered": 100.0, "percent_statements_covered_display": "100"}, "missing_lines": [], "excluded_lines": [], "start_line": 13}, "TestEventLoggerLog": {"executed_lines": [39, 40, 41, 43, 44, 47, 50, 51, 52, 55, 56, 57, 59, 62, 63, 66, 67, 68, 70, 71, 72, 74, 75, 77, 78, 79, 80, 83, 84, 87, 89, 90, 92, 93, 94, 97, 98, 99, 101, 102, 104, 105, 108, 109, 110, 112, 115, 116, 117], "summary": {"covered_lines": 49, "num_statements": 49, "percent_covered": 100.0, "percent_covered_display": "100", "missing_lines": 0, "excluded_lines": 0, "percent_statements_covered": 100.0, "percent_statements_covered_display": "100"}, "missing_lines": [], "excluded_lines": [], "start_line": 35}, "": {"executed_lines": [2, 3, 4, 5, 6, 8, 10, 13, 16, 22, 28, 35, 38, 54, 65, 82, 96, 107], "summary": {"covered_lines": 18, "num_statements": 18, "percent_covered": 100.0, "percent_covered_display": "100", "missing_lines": 0, "excluded_lines": 0, "percent_statements_covered": 100.0, "percent_statements_covered_display": "100"}, "missing_lines": [], "excluded_lines": [], "start_line": 1}}}, "tests/test_launchpad.py": {"executed_lines": [2, 3, 4, 6, 8, 9, 12, 15, 16, 17, 18, 19, 20, 21, 22, 23, 24, 26, 27, 28, 29, 30, 31, 32, 33, 35, 36, 37, 38, 39, 41, 42, 43, 44, 47, 50, 51, 52, 53, 55, 56, 57, 58, 60, 61, 62, 63, 66, 69, 70, 71, 73, 74, 75, 77, 78, 79, 81, 82, 84, 87, 90, 91, 92, 93, 94, 95, 96, 98, 99, 100, 102, 103, 104, 105, 106, 107, 108, 110, 111, 112, 113, 115, 116, 117, 118, 119, 120, 121, 123, 124, 125, 127, 128, 129, 130, 131, 132, 133, 135, 136, 137, 140, 143, 144, 145, 146, 148, 149, 150, 151, 152, 153, 154, 156, 157, 159, 162, 163, 164, 166, 167, 168, 169, 170, 171, 172, 174, 177, 178, 179, 180, 181, 183, 184, 185, 186, 187, 188, 189, 191, 192, 195, 196, 197, 198, 200, 203, 206, 207, 208, 209, 210, 211, 212, 214, 215, 217, 218, 220, 221, 222, 223, 225, 226, 229, 232, 233, 234, 235, 236, 237, 238, 239, 241, 242, 249, 250, 251, 252, 253, 254, 255, 257, 258, 259, 261, 262, 263, 264, 265, 266], "summary": {"covered_lines": 192, "num_statements": 192, "percent_covered": 100.0, "percent_covered_display": "100", "missing_lines": 0, "excluded_lines": 0, "percent_statements_covered": 100.0, "percent_statements_covered_display": "100"}, "missing_lines": [], "excluded_lines": [], "functions": {"TestLaunchPadInit.test_basic_init": {"executed_lines": [16, 17, 18, 19, 20, 21, 22, 23, 24], "summary": {"covered_lines": 9, "num_statements": 9, "percent_covered": 100.0, "percent_covered_display": "100", "missing_lines": 0, "excluded_lines": 0, "percent_statements_covered": 100.0, "percent_statements_covered_display": "100"}, "missing_lines": [], "excluded_lines": [], "start_line": 15}, "TestLaunchPadInit.test_custom_parameters": {"executed_lines": [27, 28, 29, 30, 31, 32, 33], "summary": {"covered_lines": 7, "num_statements": 7, "percent_covered": 100.0, "percent_covered_display": "100", "missing_lines": 0, "excluded_lines": 0, "percent_statements_covered": 100.0, "percent_statements_covered_display": "100"}, "missing_lines": [], "excluded_lines": [], "start_line": 26}, "TestLaunchPadInit.test_center_from_qpointf": {"executed_lines": [36, 37, 38, 39], "summary": {"covered_lines": 4, "num_statements": 4, "percent_covered": 100.0, "percent_covered_display": "100", "missing_lines": 0, "excluded_lines": 0, "percent_statements_covered": 100.0, "percent_statements_covered_display": "100"}, "missing_lines": [], "excluded_lines": [], "start_line": 35}, "TestLaunchPadInit.test_center_from_list": {"executed_lines": [42, 43, 44], "summary": {"covered_lines": 3, "num_statements": 3, "percent_covered": 100.0, "percent_covered_display": "100", "missing_lines": 0, "excluded_lines": 0, "percent_statements_covered": 100.0, "percent_statements_covered_display": "100"}, "missing_lines": [], "excluded_lines": [], "start_line": 41}, "TestLaunchPadGetDistance.test_zero_distance": {"executed_lines": [51, 52, 53], "summary": {"covered_lines": 3, "num_statements": 3, "percent_covered": 100.0, "percent_covered_display": "100", "missing_lines": 0, "excluded_lines": 0, "percent_statements_covered": 100.0, "percent_statements_covered_display": "100"}, "missing_lines": [], "excluded_lines": [], "start_line": 50}, "TestLaunchPadGetDistance.test_horizontal_distance": {"executed_lines": [56, 57, 58], "summary": {"covered_lines": 3, "num_statements": 3, "percent_covered": 100.0, "percent_covered_display": "100", "missing_lines": 0, "excluded_lines": 0, "percent_statements_covered": 100.0, "percent_statements_covered_display": "100"}, "missing_lines": [], "excluded_lines": [], "start_line": 55}, "TestLaunchPadGetDistance.test_vertical_distance": {"executed_lines": [61, 62, 63], "summary": {"covered_lines": 3, "num_statements": 3, "percent_covered": 100.0, "percent_covered_display": "100", "missing_lines": 0, "excluded_lines": 0, "percent_statements_covered": 100.0, "percent_statements_covered_display": "100"}, "missing_lines": [], "excluded_lines": [], "start_line": 60}, "TestLaunchPadCanLaunch.test_target_in_range": {"executed_lines": [70, 71], "summary": {"covered_lines": 2, "num_statements": 2, "percent_covered": 100.0, "percent_covered_display": "100", "missing_lines": 0, "excluded_lines": 0, "percent_statements_covered": 100.0, "percent_statements_covered_display": "100"}, "missing_lines": [], "excluded_lines": [], "start_line": 69}, "TestLaunchPadCanLaunch.test_target_at_range": {"executed_lines": [74, 75], "summary": {"covered_lines": 2, "num_statements": 2, "percent_covered": 100.0, "percent_covered_display": "100", "missing_lines": 0, "excluded_lines": 0, "percent_statements_covered": 100.0, "percent_statements_covered_display": "100"}, "missing_lines": [], "excluded_lines": [], "start_line": 73}, "TestLaunchPadCanLaunch.test_target_out_of_range": {"executed_lines": [78, 79], "summary": {"covered_lines": 2, "num_statements": 2, "percent_covered": 100.0, "percent_covered_display": "100", "missing_lines": 0, "excluded_lines": 0, "percent_statements_covered": 100.0, "percent_statements_covered_display": "100"}, "missing_lines": [], "excluded_lines": [], "start_line": 77}, "TestLaunchPadCanLaunch.test_target_diagonal": {"executed_lines": [82, 84], "summary": {"covered_lines": 2, "num_statements": 2, "percent_covered": 100.0, "percent_covered_display": "100", "missing_lines": 0, "excluded_lines": 0, "percent_statements_covered": 100.0, "percent_statements_covered_display": "100"}, "missing_lines": [], "excluded_lines": [], "start_line": 81}, "TestLaunchPadLaunchMissile.test_launches_missile": {"executed_lines": [91, 92, 93, 94, 95, 96, 98, 99, 100], "summary": {"covered_lines": 9, "num_statements": 9, "percent_covered": 100.0, "percent_covered_display": "100", "missing_lines": 0, "excluded_lines": 0, "percent_statements_covered": 100.0, "percent_statements_covered_display": "100"}, "missing_lines": [], "excluded_lines": [], "start_line": 90}, "TestLaunchPadLaunchMissile.test_missile_starts_at_pad_center": {"executed_lines": [103, 104, 105, 106, 107, 108, 110, 111, 112, 113], "summary": {"covered_lines": 10, "num_statements": 10, "percent_covered": 100.0, "percent_covered_display": "100", "missing_lines": 0, "excluded_lines": 0, "percent_statements_covered": 100.0, "percent_statements_covered_display": "100"}, "missing_lines": [], "excluded_lines": [], "start_line": 102}, "TestLaunchPadLaunchMissile.test_missile_has_correct_speed": {"executed_lines": [116, 117, 118, 119, 120, 121, 123, 124, 125], "summary": {"covered_lines": 9, "num_statements": 9, "percent_covered": 100.0, "percent_covered_display": "100", "missing_lines": 0, "excluded_lines": 0, "percent_statements_covered": 100.0, "percent_statements_covered_display": "100"}, "missing_lines": [], "excluded_lines": [], "start_line": 115}, "TestLaunchPadLaunchMissile.test_missile_has_correct_lifetime": {"executed_lines": [128, 129, 130, 131, 132, 133, 135, 136, 137], "summary": {"covered_lines": 9, "num_statements": 9, "percent_covered": 100.0, "percent_covered_display": "100", "missing_lines": 0, "excluded_lines": 0, "percent_statements_covered": 100.0, "percent_statements_covered_display": "100"}, "missing_lines": [], "excluded_lines": [], "start_line": 127}, "TestLaunchPadUpdateMissiles.test_returns_empty_list_when_no_missiles": {"executed_lines": [144, 145, 146], "summary": {"covered_lines": 3, "num_statements": 3, "percent_covered": 100.0, "percent_covered_display": "100", "missing_lines": 0, "excluded_lines": 0, "percent_statements_covered": 100.0, "percent_statements_covered_display": "100"}, "missing_lines": [], "excluded_lines": [], "start_line": 143}, "TestLaunchPadUpdateMissiles.test_updates_missile_position": {"executed_lines": [149, 150, 151, 152, 153, 154, 156, 157, 159, 162, 163, 164], "summary": {"covered_lines": 12, "num_statements": 12, "percent_covered": 100.0, "percent_covered_display": "100", "missing_lines": 0, "excluded_lines": 0, "percent_statements_covered": 100.0, "percent_statements_covered_display": "100"}, "missing_lines": [], "excluded_lines": [], "start_line": 148}, "TestLaunchPadUpdateMissiles.test_generates_target_destroyed_event": {"executed_lines": [167, 168, 169, 170, 171, 172, 174, 177, 178, 179, 180, 181], "summary": {"covered_lines": 12, "num_statements": 12, "percent_covered": 100.0, "percent_covered_display": "100", "missing_lines": 0, "excluded_lines": 0, "percent_statements_covered": 100.0, "percent_statements_covered_display": "100"}, "missing_lines": [], "excluded_lines": [], "start_line": 166}, "TestLaunchPadUpdateMissiles.test_removes_dead_missiles": {"executed_lines": [184, 185, 186, 187, 188, 189, 191, 192, 195, 196, 197, 198, 200], "summary": {"covered_lines": 13, "num_statements": 13, "percent_covered": 100.0, "percent_covered_display": "100", "missing_lines": 0, "excluded_lines": 0, "percent_statements_covered": 100.0, "percent_statements_covered_display": "100"}, "missing_lines": [], "excluded_lines": [], "start_line": 183}, "TestLaunchPadResetState.test_clears_missiles": {"executed_lines": [207, 208, 209, 210, 211, 212, 214, 215, 217, 218], "summary": {"covered_lines": 10, "num_statements": 10, "percent_covered": 100.0, "percent_covered_display": "100", "missing_lines": 0, "excluded_lines": 0, "percent_statements_covered": 100.0, "percent_statements_covered_display": "100"}, "missing_lines": [], "excluded_lines": [], "start_line": 206}, "TestLaunchPadResetState.test_clears_miss_markers": {"executed_lines": [221, 222, 223, 225, 226], "summary": {"covered_lines": 5, "num_statements": 5, "percent_covered": 100.0, "percent_covered_display": "100", "missing_lines": 0, "excluded_lines": 0, "percent_statements_covered": 100.0, "percent_statements_covered_display": "100"}, "missing_lines": [], "excluded_lines": [], "start_line": 220}, "TestLaunchPadSerialization.test_to_dict": {"executed_lines": [233, 234, 235, 236, 237, 238, 239], "summary": {"covered_lines": 7, "num_statements": 7, "percent_covered": 100.0, "percent_covered_display": "100", "missing_lines": 0, "excluded_lines": 0, "percent_statements_covered": 100.0, "percent_statements_covered_display": "100"}, "missing_lines": [], "excluded_lines": [], "start_line": 232}, "TestLaunchPadSerialization.test_from_dict": {"executed_lines": [242, 249, 250, 251, 252, 253, 254, 255], "summary": {"covered_lines": 8, "num_statements": 8, "percent_covered": 100.0, "percent_covered_display": "100", "missing_lines": 0, "excluded_lines": 0, "percent_statements_covered": 100.0, "percent_statements_covered_display": "100"}, "missing_lines": [], "excluded_lines": [], "start_line": 241}, "TestLaunchPadSerialization.test_roundtrip": {"executed_lines": [258, 259, 261, 262, 263, 264, 265, 266], "summary": {"covered_lines": 8, "num_statements": 8, "percent_covered": 100.0, "percent_covered_display": "100", "missing_lines": 0, "excluded_lines": 0, "percent_statements_covered": 100.0, "percent_statements_covered_display": "100"}, "missing_lines": [], "excluded_lines": [], "start_line": 257}, "": {"executed_lines": [2, 3, 4, 6, 8, 9, 12, 15, 26, 35, 41, 47, 50, 55, 60, 66, 69, 73, 77, 81, 87, 90, 102, 115, 127, 140, 143, 148, 166, 183, 203, 206, 220, 229, 232, 241, 257], "summary": {"covered_lines": 37, "num_statements": 37, "percent_covered": 100.0, "percent_covered_display": "100", "missing_lines": 0, "excluded_lines": 0, "percent_statements_covered": 100.0, "percent_statements_covered_display": "100"}, "missing_lines": [], "excluded_lines": [], "start_line": 1}}, "classes": {"TestLaunchPadInit": {"executed_lines": [16, 17, 18, 19, 20, 21, 22, 23, 24, 27, 28, 29, 30, 31, 32, 33, 36, 37, 38, 39, 42, 43, 44], "summary": {"covered_lines": 23, "num_statements": 23, "percent_covered": 100.0, "percent_covered_display": "100", "missing_lines": 0, "excluded_lines": 0, "percent_statements_covered": 100.0, "percent_statements_covered_display": "100"}, "missing_lines": [], "excluded_lines": [], "start_line": 12}, "TestLaunchPadGetDistance": {"executed_lines": [51, 52, 53, 56, 57, 58, 61, 62, 63], "summary": {"covered_lines": 9, "num_statements": 9, "percent_covered": 100.0, "percent_covered_display": "100", "missing_lines": 0, "excluded_lines": 0, "percent_statements_covered": 100.0, "percent_statements_covered_display": "100"}, "missing_lines": [], "excluded_lines": [], "start_line": 47}, "TestLaunchPadCanLaunch": {"executed_lines": [70, 71, 74, 75, 78, 79, 82, 84], "summary": {"covered_lines": 8, "num_statements": 8, "percent_covered": 100.0, "percent_covered_display": "100", "missing_lines": 0, "excluded_lines": 0, "percent_statements_covered": 100.0, "percent_statements_covered_display": "100"}, "missing_lines": [], "excluded_lines": [], "start_line": 66}, "TestLaunchPadLaunchMissile": {"executed_lines": [91, 92, 93, 94, 95, 96, 98, 99, 100, 103, 104, 105, 106, 107, 108, 110, 111, 112, 113, 116, 117, 118, 119, 120, 121, 123, 124, 125, 128, 129, 130, 131, 132, 133, 135, 136, 137], "summary": {"covered_lines": 37, "num_statements": 37, "percent_covered": 100.0, "percent_covered_display": "100", "missing_lines": 0, "excluded_lines": 0, "percent_statements_covered": 100.0, "percent_statements_covered_display": "100"}, "missing_lines": [], "excluded_lines": [], "start_line": 87}, "TestLaunchPadUpdateMissiles": {"executed_lines": [144, 145, 146, 149, 150, 151, 152, 153, 154, 156, 157, 159, 162, 163, 164, 167, 168, 169, 170, 171, 172, 174, 177, 178, 179, 180, 181, 184, 185, 186, 187, 188, 189, 191, 192, 195, 196, 197, 198, 200], "summary": {"covered_lines": 40, "num_statements": 40, "percent_covered": 100.0, "percent_covered_display": "100", "missing_lines": 0, "excluded_lines": 0, "percent_statements_covered": 100.0, "percent_statements_covered_display": "100"}, "missing_lines": [], "excluded_lines": [], "start_line": 140}, "TestLaunchPadResetState": {"executed_lines": [207, 208, 209, 210, 211, 212, 214, 215, 217, 218, 221, 222, 223, 225, 226], "summary": {"covered_lines": 15, "num_statements": 15, "percent_covered": 100.0, "percent_covered_display": "100", "missing_lines": 0, "excluded_lines": 0, "percent_statements_covered": 100.0, "percent_statements_covered_display": "100"}, "missing_lines": [], "excluded_lines": [], "start_line": 203}, "TestLaunchPadSerialization": {"executed_lines": [233, 234, 235, 236, 237, 238, 239, 242, 249, 250, 251, 252, 253, 254, 255, 258, 259, 261, 262, 263, 264, 265, 266], "summary": {"covered_lines": 23, "num_statements": 23, "percent_covered": 100.0, "percent_covered_display": "100", "missing_lines": 0, "excluded_lines": 0, "percent_statements_covered": 100.0, "percent_statements_covered_display": "100"}, "missing_lines": [], "excluded_lines": [], "start_line": 229}, "": {"executed_lines": [2, 3, 4, 6, 8, 9, 12, 15, 26, 35, 41, 47, 50, 55, 60, 66, 69, 73, 77, 81, 87, 90, 102, 115, 127, 140, 143, 148, 166, 183, 203, 206, 220, 229, 232, 241, 257], "summary": {"covered_lines": 37, "num_statements": 37, "percent_covered": 100.0, "percent_covered_display": "100", "missing_lines": 0, "excluded_lines": 0, "percent_statements_covered": 100.0, "percent_statements_covered_display": "100"}, "missing_lines": [], "excluded_lines": [], "start_line": 1}}}, "tests/test_missile.py": {"executed_lines": [2, 3, 4, 6, 8, 9, 12, 15, 16, 17, 18, 20, 21, 22, 23, 25, 26, 27, 28, 31, 34, 35, 36, 38, 39, 40, 42, 44, 45, 47, 50, 51, 53, 55, 56, 59, 62, 63, 64, 65, 67, 69, 70, 71, 73, 74, 75, 76, 78, 81, 83, 84, 85, 86, 88, 91, 92, 95, 98, 99, 100, 101, 102, 103, 105, 114, 115, 116, 117, 118, 119, 120, 121, 123, 124, 126, 127, 129, 130, 131, 132, 133, 134, 136, 146, 147, 149, 150, 151, 152, 154, 164, 167, 170, 171, 172, 173, 174, 175, 177, 185, 186, 188, 190, 191, 193, 194, 195, 196, 197, 198, 199, 201, 210, 212, 214, 215, 216, 217, 218, 219, 221, 230, 231, 234, 236, 237, 238, 239, 240, 241, 243, 253, 254, 255, 256, 258, 259, 260, 263, 266, 267, 268, 269, 271, 281, 287, 289, 290, 291, 292, 294, 304, 310, 312, 313, 314, 315, 317, 327, 333, 336, 339, 340, 341, 342, 344, 345, 346, 347], "summary": {"covered_lines": 170, "num_statements": 170, "percent_covered": 100.0, "percent_covered_display": "100", "missing_lines": 0, "excluded_lines": 0, "percent_statements_covered": 100.0, "percent_statements_covered_display": "100"}, "missing_lines": [], "excluded_lines": [], "functions": {"TestDistance.test_zero_distance": {"executed_lines": [16, 17, 18], "summary": {"covered_lines": 3, "num_statements": 3, "percent_covered": 100.0, "percent_covered_display": "100", "missing_lines": 0, "excluded_lines": 0, "percent_statements_covered": 100.0, "percent_statements_covered_display": "100"}, "missing_lines": [], "excluded_lines": [], "start_line": 15}, "TestDistance.test_horizontal_distance": {"executed_lines": [21, 22, 23], "summary": {"covered_lines": 3, "num_statements": 3, "percent_covered": 100.0, "percent_covered_display": "100", "missing_lines": 0, "excluded_lines": 0, "percent_statements_covered": 100.0, "percent_statements_covered_display": "100"}, "missing_lines": [], "excluded_lines": [], "start_line": 20}, "TestDistance.test_vertical_distance": {"executed_lines": [26, 27, 28], "summary": {"covered_lines": 3, "num_statements": 3, "percent_covered": 100.0, "percent_covered_display": "100", "missing_lines": 0, "excluded_lines": 0, "percent_statements_covered": 100.0, "percent_statements_covered_display": "100"}, "missing_lines": [], "excluded_lines": [], "start_line": 25}, "TestSolveInterceptTime.test_zero_missile_speed_returns_none": {"executed_lines": [35, 36], "summary": {"covered_lines": 2, "num_statements": 2, "percent_covered": 100.0, "percent_covered_display": "100", "missing_lines": 0, "excluded_lines": 0, "percent_statements_covered": 100.0, "percent_statements_covered_display": "100"}, "missing_lines": [], "excluded_lines": [], "start_line": 34}, "TestSolveInterceptTime.test_target_at_missile_position": {"executed_lines": [39, 40], "summary": {"covered_lines": 2, "num_statements": 2, "percent_covered": 100.0, "percent_covered_display": "100", "missing_lines": 0, "excluded_lines": 0, "percent_statements_covered": 100.0, "percent_statements_covered_display": "100"}, "missing_lines": [], "excluded_lines": [], "start_line": 38}, "TestSolveInterceptTime.test_stationary_target": {"executed_lines": [44, 45], "summary": {"covered_lines": 2, "num_statements": 2, "percent_covered": 100.0, "percent_covered_display": "100", "missing_lines": 0, "excluded_lines": 0, "percent_statements_covered": 100.0, "percent_statements_covered_display": "100"}, "missing_lines": [], "excluded_lines": [], "start_line": 42}, "TestSolveInterceptTime.test_moving_target_away": {"executed_lines": [50, 51], "summary": {"covered_lines": 2, "num_statements": 2, "percent_covered": 100.0, "percent_covered_display": "100", "missing_lines": 0, "excluded_lines": 0, "percent_statements_covered": 100.0, "percent_statements_covered_display": "100"}, "missing_lines": [], "excluded_lines": [], "start_line": 47}, "TestSolveInterceptTime.test_impossible_intercept": {"executed_lines": [55, 56], "summary": {"covered_lines": 2, "num_statements": 2, "percent_covered": 100.0, "percent_covered_display": "100", "missing_lines": 0, "excluded_lines": 0, "percent_statements_covered": 100.0, "percent_statements_covered_display": "100"}, "missing_lines": [], "excluded_lines": [], "start_line": 53}, "TestPredictInterceptPoint.test_stationary_target": {"executed_lines": [63, 64, 65, 67, 69, 70, 71], "summary": {"covered_lines": 7, "num_statements": 7, "percent_covered": 100.0, "percent_covered_display": "100", "missing_lines": 0, "excluded_lines": 0, "percent_statements_covered": 100.0, "percent_statements_covered_display": "100"}, "missing_lines": [], "excluded_lines": [], "start_line": 62}, "TestPredictInterceptPoint.test_moving_target_perpendicular": {"executed_lines": [74, 75, 76, 78, 81], "summary": {"covered_lines": 5, "num_statements": 5, "percent_covered": 100.0, "percent_covered_display": "100", "missing_lines": 0, "excluded_lines": 0, "percent_statements_covered": 100.0, "percent_statements_covered_display": "100"}, "missing_lines": [], "excluded_lines": [], "start_line": 73}, "TestPredictInterceptPoint.test_zero_missile_speed": {"executed_lines": [84, 85, 86, 88, 91, 92], "summary": {"covered_lines": 6, "num_statements": 6, "percent_covered": 100.0, "percent_covered_display": "100", "missing_lines": 0, "excluded_lines": 0, "percent_statements_covered": 100.0, "percent_statements_covered_display": "100"}, "missing_lines": [], "excluded_lines": [], "start_line": 83}, "TestMissileInit.test_basic_init": {"executed_lines": [99, 100, 101, 102, 103, 105, 114, 115, 116, 117, 118, 119, 120, 121], "summary": {"covered_lines": 14, "num_statements": 14, "percent_covered": 100.0, "percent_covered_display": "100", "missing_lines": 0, "excluded_lines": 0, "percent_statements_covered": 100.0, "percent_statements_covered_display": "100"}, "missing_lines": [], "excluded_lines": [], "start_line": 98}, "TestMissileInit.test_hit_radius_constant": {"executed_lines": [124], "summary": {"covered_lines": 1, "num_statements": 1, "percent_covered": 100.0, "percent_covered_display": "100", "missing_lines": 0, "excluded_lines": 0, "percent_statements_covered": 100.0, "percent_statements_covered_display": "100"}, "missing_lines": [], "excluded_lines": [], "start_line": 123}, "TestMissileInit.test_proximity_fuse_radius_constant": {"executed_lines": [127], "summary": {"covered_lines": 1, "num_statements": 1, "percent_covered": 100.0, "percent_covered_display": "100", "missing_lines": 0, "excluded_lines": 0, "percent_statements_covered": 100.0, "percent_statements_covered_display": "100"}, "missing_lines": [], "excluded_lines": [], "start_line": 126}, "TestMissileInit.test_initial_last_known_target_velocity": {"executed_lines": [130, 131, 132, 133, 134, 136, 146, 147], "summary": {"covered_lines": 8, "num_statements": 8, "percent_covered": 100.0, "percent_covered_display": "100", "missing_lines": 0, "excluded_lines": 0, "percent_statements_covered": 100.0, "percent_statements_covered_display": "100"}, "missing_lines": [], "excluded_lines": [], "start_line": 129}, "TestMissileInit.test_meters_per_pixel_minimum": {"executed_lines": [150, 151, 152, 154, 164], "summary": {"covered_lines": 5, "num_statements": 5, "percent_covered": 100.0, "percent_covered_display": "100", "missing_lines": 0, "excluded_lines": 0, "percent_statements_covered": 100.0, "percent_statements_covered_display": "100"}, "missing_lines": [], "excluded_lines": [], "start_line": 149}, "TestMissileUpdate.test_does_not_update_when_dead": {"executed_lines": [171, 172, 173, 174, 175, 177, 185, 186, 188, 190, 191], "summary": {"covered_lines": 11, "num_statements": 11, "percent_covered": 100.0, "percent_covered_display": "100", "missing_lines": 0, "excluded_lines": 0, "percent_statements_covered": 100.0, "percent_statements_covered_display": "100"}, "missing_lines": [], "excluded_lines": [], "start_line": 170}, "TestMissileUpdate.test_dies_when_target_destroyed": {"executed_lines": [194, 195, 196, 197, 198, 199, 201, 210, 212], "summary": {"covered_lines": 9, "num_statements": 9, "percent_covered": 100.0, "percent_covered_display": "100", "missing_lines": 0, "excluded_lines": 0, "percent_statements_covered": 100.0, "percent_statements_covered_display": "100"}, "missing_lines": [], "excluded_lines": [], "start_line": 193}, "TestMissileUpdate.test_moves_toward_target": {"executed_lines": [215, 216, 217, 218, 219, 221, 230, 231, 234], "summary": {"covered_lines": 9, "num_statements": 9, "percent_covered": 100.0, "percent_covered_display": "100", "missing_lines": 0, "excluded_lines": 0, "percent_statements_covered": 100.0, "percent_statements_covered_display": "100"}, "missing_lines": [], "excluded_lines": [], "start_line": 214}, "TestMissileUpdate.test_hits_target": {"executed_lines": [237, 238, 239, 240, 241, 243, 253, 254, 255, 256, 258, 259, 260], "summary": {"covered_lines": 13, "num_statements": 13, "percent_covered": 100.0, "percent_covered_display": "100", "missing_lines": 0, "excluded_lines": 0, "percent_statements_covered": 100.0, "percent_statements_covered_display": "100"}, "missing_lines": [], "excluded_lines": [], "start_line": 236}, "TestMissileHitCurrentTarget.test_missile_at_target_position": {"executed_lines": [267, 268, 269, 271, 281, 287], "summary": {"covered_lines": 6, "num_statements": 6, "percent_covered": 100.0, "percent_covered_display": "100", "missing_lines": 0, "excluded_lines": 0, "percent_statements_covered": 100.0, "percent_statements_covered_display": "100"}, "missing_lines": [], "excluded_lines": [], "start_line": 266}, "TestMissileHitCurrentTarget.test_missile_within_proximity_fuse": {"executed_lines": [290, 291, 292, 294, 304, 310], "summary": {"covered_lines": 6, "num_statements": 6, "percent_covered": 100.0, "percent_covered_display": "100", "missing_lines": 0, "excluded_lines": 0, "percent_statements_covered": 100.0, "percent_statements_covered_display": "100"}, "missing_lines": [], "excluded_lines": [], "start_line": 289}, "TestMissileHitCurrentTarget.test_missile_misses_target": {"executed_lines": [313, 314, 315, 317, 327, 333], "summary": {"covered_lines": 6, "num_statements": 6, "percent_covered": 100.0, "percent_covered_display": "100", "missing_lines": 0, "excluded_lines": 0, "percent_statements_covered": 100.0, "percent_statements_covered_display": "100"}, "missing_lines": [], "excluded_lines": [], "start_line": 312}, "TestMissileDistance.test_zero_distance": {"executed_lines": [340, 341, 342], "summary": {"covered_lines": 3, "num_statements": 3, "percent_covered": 100.0, "percent_covered_display": "100", "missing_lines": 0, "excluded_lines": 0, "percent_statements_covered": 100.0, "percent_statements_covered_display": "100"}, "missing_lines": [], "excluded_lines": [], "start_line": 339}, "TestMissileDistance.test_pythagorean_distance": {"executed_lines": [345, 346, 347], "summary": {"covered_lines": 3, "num_statements": 3, "percent_covered": 100.0, "percent_covered_display": "100", "missing_lines": 0, "excluded_lines": 0, "percent_statements_covered": 100.0, "percent_statements_covered_display": "100"}, "missing_lines": [], "excluded_lines": [], "start_line": 344}, "": {"executed_lines": [2, 3, 4, 6, 8, 9, 12, 15, 20, 25, 31, 34, 38, 42, 47, 53, 59, 62, 73, 83, 95, 98, 123, 126, 129, 149, 167, 170, 193, 214, 236, 263, 266, 289, 312, 336, 339, 344], "summary": {"covered_lines": 38, "num_statements": 38, "percent_covered": 100.0, "percent_covered_display": "100", "missing_lines": 0, "excluded_lines": 0, "percent_statements_covered": 100.0, "percent_statements_covered_display": "100"}, "missing_lines": [], "excluded_lines": [], "start_line": 1}}, "classes": {"TestDistance": {"executed_lines": [16, 17, 18, 21, 22, 23, 26, 27, 28], "summary": {"covered_lines": 9, "num_statements": 9, "percent_covered": 100.0, "percent_covered_display": "100", "missing_lines": 0, "excluded_lines": 0, "percent_statements_covered": 100.0, "percent_statements_covered_display": "100"}, "missing_lines": [], "excluded_lines": [], "start_line": 12}, "TestSolveInterceptTime": {"executed_lines": [35, 36, 39, 40, 44, 45, 50, 51, 55, 56], "summary": {"covered_lines": 10, "num_statements": 10, "percent_covered": 100.0, "percent_covered_display": "100", "missing_lines": 0, "excluded_lines": 0, "percent_statements_covered": 100.0, "percent_statements_covered_display": "100"}, "missing_lines": [], "excluded_lines": [], "start_line": 31}, "TestPredictInterceptPoint": {"executed_lines": [63, 64, 65, 67, 69, 70, 71, 74, 75, 76, 78, 81, 84, 85, 86, 88, 91, 92], "summary": {"covered_lines": 18, "num_statements": 18, "percent_covered": 100.0, "percent_covered_display": "100", "missing_lines": 0, "excluded_lines": 0, "percent_statements_covered": 100.0, "percent_statements_covered_display": "100"}, "missing_lines": [], "excluded_lines": [], "start_line": 59}, "TestMissileInit": {"executed_lines": [99, 100, 101, 102, 103, 105, 114, 115, 116, 117, 118, 119, 120, 121, 124, 127, 130, 131, 132, 133, 134, 136, 146, 147, 150, 151, 152, 154, 164], "summary": {"covered_lines": 29, "num_statements": 29, "percent_covered": 100.0, "percent_covered_display": "100", "missing_lines": 0, "excluded_lines": 0, "percent_statements_covered": 100.0, "percent_statements_covered_display": "100"}, "missing_lines": [], "excluded_lines": [], "start_line": 95}, "TestMissileUpdate": {"executed_lines": [171, 172, 173, 174, 175, 177, 185, 186, 188, 190, 191, 194, 195, 196, 197, 198, 199, 201, 210, 212, 215, 216, 217, 218, 219, 221, 230, 231, 234, 237, 238, 239, 240, 241, 243, 253, 254, 255, 256, 258, 259, 260], "summary": {"covered_lines": 42, "num_statements": 42, "percent_covered": 100.0, "percent_covered_display": "100", "missing_lines": 0, "excluded_lines": 0, "percent_statements_covered": 100.0, "percent_statements_covered_display": "100"}, "missing_lines": [], "excluded_lines": [], "start_line": 167}, "TestMissileHitCurrentTarget": {"executed_lines": [267, 268, 269, 271, 281, 287, 290, 291, 292, 294, 304, 310, 313, 314, 315, 317, 327, 333], "summary": {"covered_lines": 18, "num_statements": 18, "percent_covered": 100.0, "percent_covered_display": "100", "missing_lines": 0, "excluded_lines": 0, "percent_statements_covered": 100.0, "percent_statements_covered_display": "100"}, "missing_lines": [], "excluded_lines": [], "start_line": 263}, "TestMissileDistance": {"executed_lines": [340, 341, 342, 345, 346, 347], "summary": {"covered_lines": 6, "num_statements": 6, "percent_covered": 100.0, "percent_covered_display": "100", "missing_lines": 0, "excluded_lines": 0, "percent_statements_covered": 100.0, "percent_statements_covered_display": "100"}, "missing_lines": [], "excluded_lines": [], "start_line": 336}, "": {"executed_lines": [2, 3, 4, 6, 8, 9, 12, 15, 20, 25, 31, 34, 38, 42, 47, 53, 59, 62, 73, 83, 95, 98, 123, 126, 129, 149, 167, 170, 193, 214, 236, 263, 266, 289, 312, 336, 339, 344], "summary": {"covered_lines": 38, "num_statements": 38, "percent_covered": 100.0, "percent_covered_display": "100", "missing_lines": 0, "excluded_lines": 0, "percent_statements_covered": 100.0, "percent_statements_covered_display": "100"}, "missing_lines": [], "excluded_lines": [], "start_line": 1}}}, "tests/test_motion_errors.py": {"executed_lines": [2, 3, 4, 6, 8, 9, 22, 25, 26, 28, 29, 31, 32, 33, 34, 36, 38, 39, 40, 42, 43, 45, 47, 48, 50, 53, 56, 58, 59, 60, 62, 64, 65, 66, 68, 70, 71, 72, 74, 76, 77, 78, 80, 82, 83, 84, 87, 90, 92, 93, 94, 96, 98, 99, 100, 102, 104, 105, 106, 108, 110, 111, 112, 114, 116, 117, 119, 121, 122, 124, 125, 127, 129, 130, 131, 132, 134, 135, 136, 137, 140, 143, 144, 145, 147, 149, 151, 152, 155, 158, 159, 160, 162, 164, 165, 166, 168, 170, 171, 172, 173, 174, 176], "summary": {"covered_lines": 103, "num_statements": 103, "percent_covered": 100.0, "percent_covered_display": "100", "missing_lines": 0, "excluded_lines": 0, "percent_statements_covered": 100.0, "percent_statements_covered_display": "100"}, "missing_lines": [], "excluded_lines": [], "functions": {"TestSmoothstep.test_smoothstep_zero": {"executed_lines": [26], "summary": {"covered_lines": 1, "num_statements": 1, "percent_covered": 100.0, "percent_covered_display": "100", "missing_lines": 0, "excluded_lines": 0, "percent_statements_covered": 100.0, "percent_statements_covered_display": "100"}, "missing_lines": [], "excluded_lines": [], "start_line": 25}, "TestSmoothstep.test_smoothstep_one": {"executed_lines": [29], "summary": {"covered_lines": 1, "num_statements": 1, "percent_covered": 100.0, "percent_covered_display": "100", "missing_lines": 0, "excluded_lines": 0, "percent_statements_covered": 100.0, "percent_statements_covered_display": "100"}, "missing_lines": [], "excluded_lines": [], "start_line": 28}, "TestSmoothstep.test_smoothstep_half": {"executed_lines": [32, 33, 34], "summary": {"covered_lines": 3, "num_statements": 3, "percent_covered": 100.0, "percent_covered_display": "100", "missing_lines": 0, "excluded_lines": 0, "percent_statements_covered": 100.0, "percent_statements_covered_display": "100"}, "missing_lines": [], "excluded_lines": [], "start_line": 31}, "TestSmoothstep.test_smoothstep_monotonic": {"executed_lines": [38, 39, 40], "summary": {"covered_lines": 3, "num_statements": 3, "percent_covered": 100.0, "percent_covered_display": "100", "missing_lines": 0, "excluded_lines": 0, "percent_statements_covered": 100.0, "percent_statements_covered_display": "100"}, "missing_lines": [], "excluded_lines": [], "start_line": 36}, "TestSmoothstep.test_smoothstep_negative": {"executed_lines": [43, 45], "summary": {"covered_lines": 2, "num_statements": 2, "percent_covered": 100.0, "percent_covered_display": "100", "missing_lines": 0, "excluded_lines": 0, "percent_statements_covered": 100.0, "percent_statements_covered_display": "100"}, "missing_lines": [], "excluded_lines": [], "start_line": 42}, "TestSmoothstep.test_smoothstep_above_one": {"executed_lines": [48, 50], "summary": {"covered_lines": 2, "num_statements": 2, "percent_covered": 100.0, "percent_covered_display": "100", "missing_lines": 0, "excluded_lines": 0, "percent_statements_covered": 100.0, "percent_statements_covered_display": "100"}, "missing_lines": [], "excluded_lines": [], "start_line": 47}, "TestStableNoiseSample.test_deterministic_same_inputs": {"executed_lines": [58, 59, 60], "summary": {"covered_lines": 3, "num_statements": 3, "percent_covered": 100.0, "percent_covered_display": "100", "missing_lines": 0, "excluded_lines": 0, "percent_statements_covered": 100.0, "percent_statements_covered_display": "100"}, "missing_lines": [], "excluded_lines": [], "start_line": 56}, "TestStableNoiseSample.test_different_keys": {"executed_lines": [64, 65, 66], "summary": {"covered_lines": 3, "num_statements": 3, "percent_covered": 100.0, "percent_covered_display": "100", "missing_lines": 0, "excluded_lines": 0, "percent_statements_covered": 100.0, "percent_statements_covered_display": "100"}, "missing_lines": [], "excluded_lines": [], "start_line": 62}, "TestStableNoiseSample.test_different_axes": {"executed_lines": [70, 71, 72], "summary": {"covered_lines": 3, "num_statements": 3, "percent_covered": 100.0, "percent_covered_display": "100", "missing_lines": 0, "excluded_lines": 0, "percent_statements_covered": 100.0, "percent_statements_covered_display": "100"}, "missing_lines": [], "excluded_lines": [], "start_line": 68}, "TestStableNoiseSample.test_different_indices": {"executed_lines": [76, 77, 78], "summary": {"covered_lines": 3, "num_statements": 3, "percent_covered": 100.0, "percent_covered_display": "100", "missing_lines": 0, "excluded_lines": 0, "percent_statements_covered": 100.0, "percent_statements_covered_display": "100"}, "missing_lines": [], "excluded_lines": [], "start_line": 74}, "TestStableNoiseSample.test_range": {"executed_lines": [82, 83, 84], "summary": {"covered_lines": 3, "num_statements": 3, "percent_covered": 100.0, "percent_covered_display": "100", "missing_lines": 0, "excluded_lines": 0, "percent_statements_covered": 100.0, "percent_statements_covered_display": "100"}, "missing_lines": [], "excluded_lines": [], "start_line": 80}, "TestGetPositionError.test_zero_meters_per_pixel": {"executed_lines": [92, 93, 94], "summary": {"covered_lines": 3, "num_statements": 3, "percent_covered": 100.0, "percent_covered_display": "100", "missing_lines": 0, "excluded_lines": 0, "percent_statements_covered": 100.0, "percent_statements_covered_display": "100"}, "missing_lines": [], "excluded_lines": [], "start_line": 90}, "TestGetPositionError.test_nega
[...]
ines": 6, "num_statements": 6, "percent_covered": 100.0, "percent_covered_display": "100", "missing_lines": 0, "excluded_lines": 0, "percent_statements_covered": 100.0, "percent_statements_covered_display": "100"}, "missing_lines": [], "excluded_lines": [], "start_line": 120}, "TestTrajectoryRemovePoint.test_remove_updates_segments": {"executed_lines": [129, 130, 131, 132, 133, 134, 135], "summary": {"covered_lines": 7, "num_statements": 7, "percent_covered": 100.0, "percent_covered_display": "100", "missing_lines": 0, "excluded_lines": 0, "percent_statements_covered": 100.0, "percent_statements_covered_display": "100"}, "missing_lines": [], "excluded_lines": [], "start_line": 128}, "TestTrajectoryComputeSegments.test_empty_points": {"executed_lines": [142, 143, 144, 145, 146], "summary": {"covered_lines": 5, "num_statements": 5, "percent_covered": 100.0, "percent_covered_display": "100", "missing_lines": 0, "excluded_lines": 0, "percent_statements_covered": 100.0, "percent_statements_covered_display": "100"}, "missing_lines": [], "excluded_lines": [], "start_line": 141}, "TestTrajectoryComputeSegments.test_single_point": {"executed_lines": [149, 150, 151, 152, 153], "summary": {"covered_lines": 5, "num_statements": 5, "percent_covered": 100.0, "percent_covered_display": "100", "missing_lines": 0, "excluded_lines": 0, "percent_statements_covered": 100.0, "percent_statements_covered_display": "100"}, "missing_lines": [], "excluded_lines": [], "start_line": 148}, "TestTrajectoryComputeSegments.test_multiple_points": {"executed_lines": [156, 157, 158, 159, 160, 161, 162], "summary": {"covered_lines": 7, "num_statements": 7, "percent_covered": 100.0, "percent_covered_display": "100", "missing_lines": 0, "excluded_lines": 0, "percent_statements_covered": 100.0, "percent_statements_covered_display": "100"}, "missing_lines": [], "excluded_lines": [], "start_line": 155}, "TestTrajectoryGetPosition.test_destroyed_returns_none": {"executed_lines": [169, 170, 171, 172, 173, 174], "summary": {"covered_lines": 6, "num_statements": 6, "percent_covered": 100.0, "percent_covered_display": "100", "missing_lines": 0, "excluded_lines": 0, "percent_statements_covered": 100.0, "percent_statements_covered_display": "100"}, "missing_lines": [], "excluded_lines": [], "start_line": 168}, "TestTrajectoryGetPosition.test_empty_points_returns_none": {"executed_lines": [177, 178], "summary": {"covered_lines": 2, "num_statements": 2, "percent_covered": 100.0, "percent_covered_display": "100", "missing_lines": 0, "excluded_lines": 0, "percent_statements_covered": 100.0, "percent_statements_covered_display": "100"}, "missing_lines": [], "excluded_lines": [], "start_line": 176}, "TestTrajectoryGetPosition.test_time_zero_returns_first_point": {"executed_lines": [181, 182, 183, 184, 185, 186, 187], "summary": {"covered_lines": 7, "num_statements": 7, "percent_covered": 100.0, "percent_covered_display": "100", "missing_lines": 0, "excluded_lines": 0, "percent_statements_covered": 100.0, "percent_statements_covered_display": "100"}, "missing_lines": [], "excluded_lines": [], "start_line": 180}, "TestTrajectoryGetPosition.test_time_beyond_travel_returns_none": {"executed_lines": [190, 191, 192, 193, 194], "summary": {"covered_lines": 5, "num_statements": 5, "percent_covered": 100.0, "percent_covered_display": "100", "missing_lines": 0, "excluded_lines": 0, "percent_statements_covered": 100.0, "percent_statements_covered_display": "100"}, "missing_lines": [], "excluded_lines": [], "start_line": 189}, "TestTrajectoryGetPosition.test_intermediate_position": {"executed_lines": [197, 198, 199, 200, 201, 202, 203], "summary": {"covered_lines": 7, "num_statements": 7, "percent_covered": 100.0, "percent_covered_display": "100", "missing_lines": 0, "excluded_lines": 0, "percent_statements_covered": 100.0, "percent_statements_covered_display": "100"}, "missing_lines": [], "excluded_lines": [], "start_line": 196}, "TestTrajectoryGetPositionByT.test_empty_segments": {"executed_lines": [210, 211], "summary": {"covered_lines": 2, "num_statements": 2, "percent_covered": 100.0, "percent_covered_display": "100", "missing_lines": 0, "excluded_lines": 0, "percent_statements_covered": 100.0, "percent_statements_covered_display": "100"}, "missing_lines": [], "excluded_lines": [], "start_line": 209}, "TestTrajectoryGetPositionByT.test_t_zero": {"executed_lines": [214, 215, 216, 217, 218, 219, 220], "summary": {"covered_lines": 7, "num_statements": 7, "percent_covered": 100.0, "percent_covered_display": "100", "missing_lines": 0, "excluded_lines": 0, "percent_statements_covered": 100.0, "percent_statements_covered_display": "100"}, "missing_lines": [], "excluded_lines": [], "start_line": 213}, "TestTrajectoryGetPositionByT.test_t_one": {"executed_lines": [223, 224, 225, 226, 227, 228, 229], "summary": {"covered_lines": 7, "num_statements": 7, "percent_covered": 100.0, "percent_covered_display": "100", "missing_lines": 0, "excluded_lines": 0, "percent_statements_covered": 100.0, "percent_statements_covered_display": "100"}, "missing_lines": [], "excluded_lines": [], "start_line": 222}, "TestTrajectoryGetPositionByT.test_t_half": {"executed_lines": [232, 233, 234, 235, 236, 237, 238], "summary": {"covered_lines": 7, "num_statements": 7, "percent_covered": 100.0, "percent_covered_display": "100", "missing_lines": 0, "excluded_lines": 0, "percent_statements_covered": 100.0, "percent_statements_covered_display": "100"}, "missing_lines": [], "excluded_lines": [], "start_line": 231}, "TestTrajectoryGetPositionByT.test_t_negative": {"executed_lines": [241, 242, 243, 244, 245, 246, 247], "summary": {"covered_lines": 7, "num_statements": 7, "percent_covered": 100.0, "percent_covered_display": "100", "missing_lines": 0, "excluded_lines": 0, "percent_statements_covered": 100.0, "percent_statements_covered_display": "100"}, "missing_lines": [], "excluded_lines": [], "start_line": 240}, "TestTrajectoryGetPositionByT.test_t_above_one": {"executed_lines": [250, 251, 252, 253, 254, 255, 256], "summary": {"covered_lines": 7, "num_statements": 7, "percent_covered": 100.0, "percent_covered_display": "100", "missing_lines": 0, "excluded_lines": 0, "percent_statements_covered": 100.0, "percent_statements_covered_display": "100"}, "missing_lines": [], "excluded_lines": [], "start_line": 249}, "TestTrajectoryGetVelocity.test_destroyed_returns_zero": {"executed_lines": [263, 264, 265, 266, 267, 268, 269, 270], "summary": {"covered_lines": 8, "num_statements": 8, "percent_covered": 100.0, "percent_covered_display": "100", "missing_lines": 0, "excluded_lines": 0, "percent_statements_covered": 100.0, "percent_statements_covered_display": "100"}, "missing_lines": [], "excluded_lines": [], "start_line": 262}, "TestTrajectoryGetVelocity.test_empty_segments_returns_zero": {"executed_lines": [273, 274, 275, 276], "summary": {"covered_lines": 4, "num_statements": 4, "percent_covered": 100.0, "percent_covered_display": "100", "missing_lines": 0, "excluded_lines": 0, "percent_statements_covered": 100.0, "percent_statements_covered_display": "100"}, "missing_lines": [], "excluded_lines": [], "start_line": 272}, "TestTrajectoryGetVelocity.test_zero_speed_returns_zero": {"executed_lines": [279, 280, 281, 282, 283, 284, 285], "summary": {"covered_lines": 7, "num_statements": 7, "percent_covered": 100.0, "percent_covered_display": "100", "missing_lines": 0, "excluded_lines": 0, "percent_statements_covered": 100.0, "percent_statements_covered_display": "100"}, "missing_lines": [], "excluded_lines": [], "start_line": 278}, "TestTrajectoryGetVelocity.test_beyond_travel_time_returns_zero": {"executed_lines": [288, 289, 290, 291, 292, 293, 294], "summary": {"covered_lines": 7, "num_statements": 7, "percent_covered": 100.0, "percent_covered_display": "100", "missing_lines": 0, "excluded_lines": 0, "percent_statements_covered": 100.0, "percent_statements_covered_display": "100"}, "missing_lines": [], "excluded_lines": [], "start_line": 287}, "TestTrajectoryGetVelocity.test_velocity_magnitude": {"executed_lines": [297, 298, 299, 300, 301, 302, 303, 304], "summary": {"covered_lines": 8, "num_statements": 8, "percent_covered": 100.0, "percent_covered_display": "100", "missing_lines": 0, "excluded_lines": 0, "percent_statements_covered": 100.0, "percent_statements_covered_display": "100"}, "missing_lines": [], "excluded_lines": [], "start_line": 296}, "TestTrajectorySetSpeed.test_set_positive_speed": {"executed_lines": [311, 312, 313], "summary": {"covered_lines": 3, "num_statements": 3, "percent_covered": 100.0, "percent_covered_display": "100", "missing_lines": 0, "excluded_lines": 0, "percent_statements_covered": 100.0, "percent_statements_covered_display": "100"}, "missing_lines": [], "excluded_lines": [], "start_line": 310}, "TestTrajectorySetSpeed.test_set_zero_speed_becomes_minimum": {"executed_lines": [316, 317, 318], "summary": {"covered_lines": 3, "num_statements": 3, "percent_covered": 100.0, "percent_covered_display": "100", "missing_lines": 0, "excluded_lines": 0, "percent_statements_covered": 100.0, "percent_statements_covered_display": "100"}, "missing_lines": [], "excluded_lines": [], "start_line": 315}, "TestTrajectorySetSpeed.test_set_negative_speed_becomes_minimum": {"executed_lines": [321, 322, 323], "summary": {"covered_lines": 3, "num_statements": 3, "percent_covered": 100.0, "percent_covered_display": "100", "missing_lines": 0, "excluded_lines": 0, "percent_statements_covered": 100.0, "percent_statements_covered_display": "100"}, "missing_lines": [], "excluded_lines": [], "start_line": 320}, "TestTrajectorySetSpeed.test_updates_travel_time": {"executed_lines": [326, 327, 328, 329, 330, 331], "summary": {"covered_lines": 6, "num_statements": 6, "percent_covered": 100.0, "percent_covered_display": "100", "missing_lines": 0, "excluded_lines": 0, "percent_statements_covered": 100.0, "percent_statements_covered_display": "100"}, "missing_lines": [], "excluded_lines": [], "start_line": 325}, "TestTrajectoryResetState.test_resets_destroyed_flag": {"executed_lines": [338, 339, 340, 341], "summary": {"covered_lines": 4, "num_statements": 4, "percent_covered": 100.0, "percent_covered_display": "100", "missing_lines": 0, "excluded_lines": 0, "percent_statements_covered": 100.0, "percent_statements_covered_display": "100"}, "missing_lines": [], "excluded_lines": [], "start_line": 337}, "TestTrajectorySerialization.test_to_dict": {"executed_lines": [348, 349, 350, 351, 352, 353, 354, 355, 356, 357, 358, 359, 360], "summary": {"covered_lines": 13, "num_statements": 13, "percent_covered": 100.0, "percent_covered_display": "100", "missing_lines": 0, "excluded_lines": 0, "percent_statements_covered": 100.0, "percent_statements_covered_display": "100"}, "missing_lines": [], "excluded_lines": [], "start_line": 347}, "TestTrajectorySerialization.test_from_dict": {"executed_lines": [363, 369, 370, 371, 372, 373, 374, 375, 376], "summary": {"covered_lines": 9, "num_statements": 9, "percent_covered": 100.0, "percent_covered_display": "100", "missing_lines": 0, "excluded_lines": 0, "percent_statements_covered": 100.0, "percent_statements_covered_display": "100"}, "missing_lines": [], "excluded_lines": [], "start_line": 362}, "TestTrajectorySerialization.test_roundtrip": {"executed_lines": [379, 380, 381, 382, 383, 384, 386, 388, 389, 390, 391, 392, 393, 394], "summary": {"covered_lines": 14, "num_statements": 14, "percent_covered": 100.0, "percent_covered_display": "100", "missing_lines": 0, "excluded_lines": 0, "percent_statements_covered": 100.0, "percent_statements_covered_display": "100"}, "missing_lines": [], "excluded_lines": [], "start_line": 378}, "TestTrajectoryMotionErrorKey.test_key_updated_on_add_point": {"executed_lines": [401, 402, 403, 404], "summary": {"covered_lines": 4, "num_statements": 4, "percent_covered": 100.0, "percent_covered_display": "100", "missing_lines": 0, "excluded_lines": 0, "percent_statements_covered": 100.0, "percent_statements_covered_display": "100"}, "missing_lines": [], "excluded_lines": [], "start_line": 400}, "TestTrajectoryMotionErrorKey.test_key_updated_on_remove_point": {"executed_lines": [407, 408, 409, 410, 411, 412], "summary": {"covered_lines": 6, "num_statements": 6, "percent_covered": 100.0, "percent_covered_display": "100", "missing_lines": 0, "excluded_lines": 0, "percent_statements_covered": 100.0, "percent_statements_covered_display": "100"}, "missing_lines": [], "excluded_lines": [], "start_line": 406}, "TestTrajectoryMotionErrorKey.test_key_updated_on_set_speed": {"executed_lines": [415, 416, 417, 418, 419, 420], "summary": {"covered_lines": 6, "num_statements": 6, "percent_covered": 100.0, "percent_covered_display": "100", "missing_lines": 0, "excluded_lines": 0, "percent_statements_covered": 100.0, "percent_statements_covered_display": "100"}, "missing_lines": [], "excluded_lines": [], "start_line": 414}, "TestTrajectoryMotionErrorKey.test_refresh_method": {"executed_lines": [423, 424, 425, 426, 427, 428], "summary": {"covered_lines": 6, "num_statements": 6, "percent_covered": 100.0, "percent_covered_display": "100", "missing_lines": 0, "excluded_lines": 0, "percent_statements_covered": 100.0, "percent_statements_covered_display": "100"}, "missing_lines": [], "excluded_lines": [], "start_line": 422}, "": {"executed_lines": [2, 3, 4, 6, 8, 9, 12, 15, 19, 23, 27, 31, 38, 46, 50, 54, 58, 62, 67, 70, 77, 84, 91, 97, 104, 107, 112, 120, 128, 138, 141, 148, 155, 165, 168, 176, 180, 189, 196, 206, 209, 213, 222, 231, 240, 249, 259, 262, 272, 278, 287, 296, 307, 310, 315, 320, 325, 334, 337, 344, 347, 362, 378, 397, 400, 406, 414, 422], "summary": {"covered_lines": 68, "num_statements": 68, "percent_covered": 100.0, "percent_covered_display": "100", "missing_lines": 0, "excluded_lines": 0, "percent_statements_covered": 100.0, "percent_statements_covered_display": "100"}, "missing_lines": [], "excluded_lines": [], "start_line": 1}}, "classes": {"TestTrajectoryInit": {"executed_lines": [16, 17, 20, 21, 24, 25, 28, 29, 32, 33, 34, 35, 36, 39, 40, 41, 42, 43, 44, 47, 48, 51, 52, 55, 56, 59, 60, 63, 64], "summary": {"covered_lines": 29, "num_statements": 29, "percent_covered": 100.0, "percent_covered_display": "100", "missing_lines": 0, "excluded_lines": 0, "percent_statements_covered": 100.0, "percent_statements_covered_display": "100"}, "missing_lines": [], "excluded_lines": [], "start_line": 12}, "TestTrajectoryAddPoint": {"executed_lines": [71, 72, 73, 74, 75, 78, 79, 80, 81, 82, 85, 86, 87, 88, 89, 92, 93, 94, 95, 98, 99, 100, 101], "summary": {"covered_lines": 23, "num_statements": 23, "percent_covered": 100.0, "percent_covered_display": "100", "missing_lines": 0, "excluded_lines": 0, "percent_statements_covered": 100.0, "percent_statements_covered_display": "100"}, "missing_lines": [], "excluded_lines": [], "start_line": 67}, "TestTrajectoryRemovePoint": {"executed_lines": [108, 109, 110, 113, 114, 115, 116, 117, 118, 121, 122, 123, 124, 125, 126, 129, 130, 131, 132, 133, 134, 135], "summary": {"covered_lines": 22, "num_statements": 22, "percent_covered": 100.0, "percent_covered_display": "100", "missing_lines": 0, "excluded_lines": 0, "percent_statements_covered": 100.0, "percent_statements_covered_display": "100"}, "missing_lines": [], "excluded_lines": [], "start_line": 104}, "TestTrajectoryComputeSegments": {"executed_lines": [142, 143, 144, 145, 146, 149, 150, 151, 152, 153, 156, 157, 158, 159, 160, 161, 162], "summary": {"covered_lines": 17, "num_statements": 17, "percent_covered": 100.0, "percent_covered_display": "100", "missing_lines": 0, "excluded_lines": 0, "percent_statements_covered": 100.0, "percent_statements_covered_display": "100"}, "missing_lines": [], "excluded_lines": [], "start_line": 138}, "TestTrajectoryGetPosition": {"executed_lines": [169, 170, 171, 172, 173, 174, 177, 178, 181, 182, 183, 184, 185, 186, 187, 190, 191, 192, 193, 194, 197, 198, 199, 200, 201, 202, 203], "summary": {"covered_lines": 27, "num_statements": 27, "percent_covered": 100.0, "percent_covered_display": "100", "missing_lines": 0, "excluded_lines": 0, "percent_statements_covered": 100.0, "percent_statements_covered_display": "100"}, "missing_lines": [], "excluded_lines": [], "start_line": 165}, "TestTrajectoryGetPositionByT": {"executed_lines": [210, 211, 214, 215, 216, 217, 218, 219, 220, 223, 224, 225, 226, 227, 228, 229, 232, 233, 234, 235, 236, 237, 238, 241, 242, 243, 244, 245, 246, 247, 250, 251, 252, 253, 254, 255, 256], "summary": {"covered_lines": 37, "num_statements": 37, "percent_covered": 100.0, "percent_covered_display": "100", "missing_lines": 0, "excluded_lines": 0, "percent_statements_covered": 100.0, "percent_statements_covered_display": "100"}, "missing_lines": [], "excluded_lines": [], "start_line": 206}, "TestTrajectoryGetVelocity": {"executed_lines": [263, 264, 265, 266, 267, 268, 269, 270, 273, 274, 275, 276, 279, 280, 281, 282, 283, 284, 285, 288, 289, 290, 291, 292, 293, 294, 297, 298, 299, 300, 301, 302, 303, 304], "summary": {"covered_lines": 34, "num_statements": 34, "percent_covered": 100.0, "percent_covered_display": "100", "missing_lines": 0, "excluded_lines": 0, "percent_statements_covered": 100.0, "percent_statements_covered_display": "100"}, "missing_lines": [], "excluded_lines": [], "start_line": 259}, "TestTrajectorySetSpeed": {"executed_lines": [311, 312, 313, 316, 317, 318, 321, 322, 323, 326, 327, 328, 329, 330, 331], "summary": {"covered_lines": 15, "num_statements": 15, "percent_covered": 100.0, "percent_covered_display": "100", "missing_lines": 0, "excluded_lines": 0, "percent_statements_covered": 100.0, "percent_statements_covered_display": "100"}, "missing_lines": [], "excluded_lines": [], "start_line": 307}, "TestTrajectoryResetState": {"executed_lines": [338, 339, 340, 341], "summary": {"covered_lines": 4, "num_statements": 4, "percent_covered": 100.0, "percent_covered_display": "100", "missing_lines": 0, "excluded_lines": 0, "percent_statements_covered": 100.0, "percent_statements_covered_display": "100"}, "missing_lines": [], "excluded_lines": [], "start_line": 334}, "TestTrajectorySerialization": {"executed_lines": [348, 349, 350, 351, 352, 353, 354, 355, 356, 357, 358, 359, 360, 363, 369, 370, 371, 372, 373, 374, 375, 376, 379, 380, 381, 382, 383, 384, 386, 388, 389, 390, 391, 392, 393, 394], "summary": {"covered_lines": 36, "num_statements": 36, "percent_covered": 100.0, "percent_covered_display": "100", "missing_lines": 0, "excluded_lines": 0, "percent_statements_covered": 100.0, "percent_statements_covered_display": "100"}, "missing_lines": [], "excluded_lines": [], "start_line": 344}, "TestTrajectoryMotionErrorKey": {"executed_lines": [401, 402, 403, 404, 407, 408, 409, 410, 411, 412, 415, 416, 417, 418, 419, 420, 423, 424, 425, 426, 427, 428], "summary": {"covered_lines": 22, "num_statements": 22, "percent_covered": 100.0, "percent_covered_display": "100", "missing_lines": 0, "excluded_lines": 0, "percent_statements_covered": 100.0, "percent_statements_covered_display": "100"}, "missing_lines": [], "excluded_lines": [], "start_line": 397}, "": {"executed_lines": [2, 3, 4, 6, 8, 9, 12, 15, 19, 23, 27, 31, 38, 46, 50, 54, 58, 62, 67, 70, 77, 84, 91, 97, 104, 107, 112, 120, 128, 138, 141, 148, 155, 165, 168, 176, 180, 189, 196, 206, 209, 213, 222, 231, 240, 249, 259, 262, 272, 278, 287, 296, 307, 310, 315, 320, 325, 334, 337, 344, 347, 362, 378, 397, 400, 406, 414, 422], "summary": {"covered_lines": 68, "num_statements": 68, "percent_covered": 100.0, "percent_covered_display": "100", "missing_lines": 0, "excluded_lines": 0, "percent_statements_covered": 100.0, "percent_statements_covered_display": "100"}, "missing_lines": [], "excluded_lines": [], "start_line": 1}}}}, "totals": {"covered_lines": 1600, "num_statements": 1738, "percent_covered": 92.05983889528193, "percent_covered_display": "92", "missing_lines": 138, "excluded_lines": 0, "percent_statements_covered": 92.05983889528193, "percent_statements_covered_display": "92"}}